2025-03-25 00:11:55,715 [INFO] Activator:176 - 


2025-03-25 00:11:55,718 [INFO] Activator:177 - !SESSION log4j initialized
2025-03-25 00:12:00,009 [INFO] LogOutputStream:77 - [STDOUT_REDIRECT] 
2025-03-25 00:12:00,699 [INFO] ApplicationProperties:184 - Using Application install path: C:\ST\STM32CubeIDE_1.17.0\STM32CubeIDE\plugins\com.st.stm32cube.common.mx_6.13.0.202411220809
2025-03-25 00:12:00,715 [INFO] DbMcusXml:78 - Set database path to: C:\ST\STM32CubeIDE_1.17.0\STM32CubeIDE\plugins\com.st.stm32cube.common.mx_6.13.0.202411220809\\db\/mcu/
2025-03-25 00:12:00,715 [INFO] ApiDb:274 - Set plugin database path to: C:\ST\STM32CubeIDE_1.17.0\STM32CubeIDE\plugins\com.st.stm32cube.common.mx_6.13.0.202411220809\\db\/plugins/boardmanager/
2025-03-25 00:12:00,715 [WARN] ApiDb:259 - Overriding images path with different value:  => C:\ST\STM32CubeIDE_1.17.0\STM32CubeIDE\plugins\com.st.stm32cube.common.mx_6.13.0.202411220809\\db\/plugins/mcufinder/images/
2025-03-25 00:12:00,721 [INFO] ApiDb:250 - Set database path to: C:\Users\ALEYNA\.stmcufinder\plugins\mcufinder//mcu/
2025-03-25 00:12:00,723 [INFO] DbMcusAds:125 - Set database path to: C:\Users\ALEYNA\.stmcufinder\plugins\mcufinder//mcu/
2025-03-25 00:12:00,725 [INFO] CrossReferenceDbSqlite:203 - Set database path to: C:\Users\ALEYNA\.stmcufinder\plugins\mcufinder//mcu/cs/
2025-03-25 00:12:00,802 [INFO] RulesReader:64 - Compatibility file has been processed (297 Rules)
2025-03-25 00:12:00,871 [INFO] DbMcusXml:78 - Set database path to: C:\ST\STM32CubeIDE_1.17.0\STM32CubeIDE\plugins\com.st.stm32cube.common.mx_6.13.0.202411220809\\db\/mcu/
2025-03-25 00:12:00,871 [INFO] ApiDb:274 - Set plugin database path to: C:\ST\STM32CubeIDE_1.17.0\STM32CubeIDE\plugins\com.st.stm32cube.common.mx_6.13.0.202411220809\\db\/plugins/boardmanager/
2025-03-25 00:12:00,871 [INFO] ApiDb:261 - Set plugin images path to: C:\ST\STM32CubeIDE_1.17.0\STM32CubeIDE\plugins\com.st.stm32cube.common.mx_6.13.0.202411220809\\db\/plugins/mcufinder/images/
2025-03-25 00:12:00,872 [WARN] DbFile:41 - Overriding database path with different value: C:\Users\ALEYNA\.stmcufinder\plugins\mcufinder/ => C:\Users\ALEYNA\.stmcufinder\plugins\mcufinder
2025-03-25 00:12:00,872 [INFO] ApiDb:250 - Set database path to: C:\Users\ALEYNA\.stmcufinder\plugins\mcufinder//mcu/
2025-03-25 00:12:00,872 [WARN] DbFile:41 - Overriding database path with different value: C:\Users\ALEYNA\.stmcufinder\plugins\mcufinder/ => C:\Users\ALEYNA\.stmcufinder\plugins\mcufinder
2025-03-25 00:12:00,872 [INFO] DbMcusAds:125 - Set database path to: C:\Users\ALEYNA\.stmcufinder\plugins\mcufinder//mcu/
2025-03-25 00:12:00,872 [WARN] DbFile:41 - Overriding database path with different value: C:\Users\ALEYNA\.stmcufinder\plugins\mcufinder/ => C:\Users\ALEYNA\.stmcufinder\plugins\mcufinder
2025-03-25 00:12:00,872 [WARN] DbFile:41 - Overriding database path with different value: C:\Users\ALEYNA\.stmcufinder\plugins\mcufinder/ => C:\Users\ALEYNA\.stmcufinder\plugins\mcufinder
2025-03-25 00:12:00,872 [INFO] CrossReferenceDbSqlite:203 - Set database path to: C:\Users\ALEYNA\.stmcufinder\plugins\mcufinder//mcu/cs/
2025-03-25 00:12:00,939 [INFO] MainPanel:272 - HeapMemory: 268435456
2025-03-25 00:12:01,047 [INFO] DbMcusXml:78 - Set database path to: C:\ST\STM32CubeIDE_1.17.0\STM32CubeIDE\plugins\com.st.stm32cube.common.mx_6.13.0.202411220809\\db\/mcu/
2025-03-25 00:12:01,047 [INFO] ApiDb:274 - Set plugin database path to: C:\ST\STM32CubeIDE_1.17.0\STM32CubeIDE\plugins\com.st.stm32cube.common.mx_6.13.0.202411220809\\db\/plugins/boardmanager/
2025-03-25 00:12:01,047 [INFO] ApiDb:261 - Set plugin images path to: C:\ST\STM32CubeIDE_1.17.0\STM32CubeIDE\plugins\com.st.stm32cube.common.mx_6.13.0.202411220809\\db\/plugins/mcufinder/images/
2025-03-25 00:12:01,047 [WARN] DbFile:41 - Overriding database path with different value: C:\Users\ALEYNA\.stmcufinder\plugins\mcufinder/ => C:\Users\ALEYNA\.stmcufinder\plugins\mcufinder
2025-03-25 00:12:01,047 [INFO] ApiDb:250 - Set database path to: C:\Users\ALEYNA\.stmcufinder\plugins\mcufinder//mcu/
2025-03-25 00:12:01,047 [WARN] DbFile:41 - Overriding database path with different value: C:\Users\ALEYNA\.stmcufinder\plugins\mcufinder/ => C:\Users\ALEYNA\.stmcufinder\plugins\mcufinder
2025-03-25 00:12:01,047 [INFO] DbMcusAds:125 - Set database path to: C:\Users\ALEYNA\.stmcufinder\plugins\mcufinder//mcu/
2025-03-25 00:12:01,049 [WARN] DbFile:41 - Overriding database path with different value: C:\Users\ALEYNA\.stmcufinder\plugins\mcufinder/ => C:\Users\ALEYNA\.stmcufinder\plugins\mcufinder
2025-03-25 00:12:01,049 [WARN] DbFile:41 - Overriding database path with different value: C:\Users\ALEYNA\.stmcufinder\plugins\mcufinder/ => C:\Users\ALEYNA\.stmcufinder\plugins\mcufinder
2025-03-25 00:12:01,049 [INFO] CrossReferenceDbSqlite:203 - Set database path to: C:\Users\ALEYNA\.stmcufinder\plugins\mcufinder//mcu/cs/
2025-03-25 00:12:01,062 [INFO] ApplicationProperties:184 - Using Application install path: C:\ST\STM32CubeIDE_1.17.0\STM32CubeIDE\plugins\com.st.stm32cube.common.mx_6.13.0.202411220809
2025-03-25 00:12:01,062 [INFO] PluginManage:196 - Search for loadable plugins [exclusion list=, ]
2025-03-25 00:12:01,064 [INFO] PluginManage:310 - Check plugin analytics
2025-03-25 00:12:01,213 [INFO] AnalyticsPlugin:253 - Accepted Software Licenses: STM32CubeMX.6.13.0
2025-03-25 00:12:01,214 [INFO] AnalyticsPlugin:255 - Accepted CMSIS Pack Licenses: STMicroelectronics.X-CUBE-MEMS1.8.3.0,STMicroelectronics.X-CUBE-MEMS1.8.2.0
2025-03-25 00:12:01,214 [INFO] AnalyticsPlugin:257 - Accepted Firmware Licenses: FW.WL.1.3.0,FW.WL.1.1.0,FW.WL.1.2.0,FW.F4.1.28.0
2025-03-25 00:12:01,216 [INFO] PluginManage:359 - Loaded plugin analytics (category:tool,tabindex:-1)
2025-03-25 00:12:01,216 [INFO] PluginManage:310 - Check plugin cadmodel
2025-03-25 00:12:01,225 [INFO] CADModel:105 - Init CAD model plugin
2025-03-25 00:12:01,225 [INFO] PluginManage:359 - Loaded plugin cadmodel (category:power,tabindex:5)
2025-03-25 00:12:01,225 [INFO] PluginManage:310 - Check plugin clock
2025-03-25 00:12:01,235 [INFO] PluginManage:359 - Loaded plugin clock (category:base,tabindex:2)
2025-03-25 00:12:01,235 [INFO] PluginManage:310 - Check plugin ddr
2025-03-25 00:12:01,239 [INFO] PluginManage:359 - Loaded plugin ddr (category:tool,tabindex:6)
2025-03-25 00:12:01,239 [INFO] PluginManage:310 - Check plugin filemanager
2025-03-25 00:12:01,376 [INFO] PluginManage:359 - Loaded plugin filemanager (category:base,tabindex:10)
2025-03-25 00:12:01,376 [INFO] PluginManage:310 - Check plugin ipmanager
2025-03-25 00:12:01,382 [INFO] PluginManage:359 - Loaded plugin ipmanager (category:base,tabindex:5)
2025-03-25 00:12:01,382 [INFO] PluginManage:310 - Check plugin lpbam
2025-03-25 00:12:01,389 [INFO] PluginManage:359 - Loaded plugin lpbam (category:base,tabindex:0)
2025-03-25 00:12:01,389 [INFO] PluginManage:310 - Check plugin memorymap
2025-03-25 00:12:01,402 [INFO] PluginManage:359 - Loaded plugin memorymap (category:base,tabindex:4)
2025-03-25 00:12:01,402 [INFO] PluginManage:310 - Check plugin pinoutandconfiguration
2025-03-25 00:12:01,409 [INFO] PluginManage:359 - Loaded plugin pinoutandconfiguration (category:base,tabindex:1)
2025-03-25 00:12:01,409 [INFO] PluginManage:310 - Check plugin pinoutconfig
2025-03-25 00:12:01,488 [WARN] SupportedApi:132 - Cannot load RTOS API schema: s4s-elt-must-match.1: The content of 'definitions' must match (annotation?, (simpleType | complexType)?, (unique | key | keyref)*)). A problem was found starting at: attribute.
2025-03-25 00:12:01,591 [INFO] PluginManage:359 - Loaded plugin pinoutconfig (category:base,tabindex:0)
2025-03-25 00:12:01,591 [INFO] PluginManage:310 - Check plugin power
2025-03-25 00:12:01,599 [INFO] PluginManage:359 - Loaded plugin power (category:power,tabindex:4)
2025-03-25 00:12:01,599 [INFO] PluginManage:310 - Check plugin projectmanager
2025-03-25 00:12:01,612 [INFO] PluginManage:359 - Loaded plugin projectmanager (category:projectmanager,tabindex:4)
2025-03-25 00:12:01,612 [INFO] PluginManage:310 - Check plugin rif
2025-03-25 00:12:01,620 [INFO] PluginManage:359 - Loaded plugin rif (category:base,tabindex:3)
2025-03-25 00:12:01,620 [INFO] PluginManage:310 - Check plugin thirdparty
2025-03-25 00:12:01,728 [WARN] IntegrityCheckThread:84 - waiting for thirdparty lock release [integrity check]
2025-03-25 00:12:01,729 [INFO] IntegrityCheckThread:86 - entering critical section [integrity check]
2025-03-25 00:12:01,729 [INFO] PluginManage:359 - Loaded plugin thirdparty (category:base,tabindex:-1)
2025-03-25 00:12:01,729 [INFO] ThirdPartyUpdaterWithRetryManager:70 - Updater plugin not ready yet. [1/15]
2025-03-25 00:12:01,729 [INFO] PluginManage:310 - Check plugin tools
2025-03-25 00:12:01,731 [INFO] PluginManage:359 - Loaded plugin tools (category:base,tabindex:7)
2025-03-25 00:12:01,731 [INFO] PluginManage:310 - Check plugin tutovideos
2025-03-25 00:12:01,881 [INFO] PluginManage:359 - Loaded plugin tutovideos (category:base,tabindex:-1)
2025-03-25 00:12:01,881 [INFO] PluginManage:310 - Check plugin updater
2025-03-25 00:12:01,898 [INFO] PluginManage:359 - Loaded plugin updater (category:base,tabindex:12)
2025-03-25 00:12:01,898 [INFO] PluginManage:310 - Check plugin userauth
2025-03-25 00:12:01,901 [INFO] UserAuth:118 - Init User Auth plugin
2025-03-25 00:12:01,902 [INFO] PluginManage:359 - Loaded plugin userauth (category:base,tabindex:14)
2025-03-25 00:12:01,902 [INFO] PluginManage:283 - PluginManage : Loaded plugins [18]
2025-03-25 00:12:02,060 [INFO] PinOutPanel:1589 - setPackage(No Configuration,No Configuration)
2025-03-25 00:12:02,121 [INFO] CADModel:165 - CPN selected for project level
2025-03-25 00:12:02,121 [INFO] CADModel:114 - Register for checkConnection events
2025-03-25 00:12:02,138 [INFO] IPUIPlugin:80 - create IPUIPlugin
2025-03-25 00:12:02,138 [INFO] PluginManager:220 - loadIPPluginJar : add adc
2025-03-25 00:12:02,140 [INFO] IPUIPlugin:80 - create IPUIPlugin
2025-03-25 00:12:02,140 [INFO] PluginManager:220 - loadIPPluginJar : add aes
2025-03-25 00:12:02,142 [INFO] IPUIPlugin:80 - create IPUIPlugin
2025-03-25 00:12:02,143 [INFO] PluginManager:220 - loadIPPluginJar : add can
2025-03-25 00:12:02,144 [INFO] IPUIPlugin:80 - create IPUIPlugin
2025-03-25 00:12:02,144 [INFO] PluginManager:220 - loadIPPluginJar : add comp
2025-03-25 00:12:02,146 [INFO] IPUIPlugin:80 - create IPUIPlugin
2025-03-25 00:12:02,146 [INFO] PluginManager:220 - loadIPPluginJar : add cryp
2025-03-25 00:12:02,149 [INFO] IPUIPlugin:80 - create IPUIPlugin
2025-03-25 00:12:02,149 [INFO] PluginManager:220 - loadIPPluginJar : add ddr_ctrl_phy
2025-03-25 00:12:02,151 [INFO] IPUIPlugin:80 - create IPUIPlugin
2025-03-25 00:12:02,151 [INFO] PluginManager:220 - loadIPPluginJar : add dfsdm
2025-03-25 00:12:02,156 [INFO] IPUIPlugin:80 - create IPUIPlugin
2025-03-25 00:12:02,156 [INFO] PluginManager:220 - loadIPPluginJar : add dma
2025-03-25 00:12:02,158 [INFO] IPUIPlugin:80 - create IPUIPlugin
2025-03-25 00:12:02,158 [INFO] PluginManager:220 - loadIPPluginJar : add dma3
2025-03-25 00:12:02,160 [INFO] IPUIPlugin:80 - create IPUIPlugin
2025-03-25 00:12:02,161 [INFO] PluginManager:220 - loadIPPluginJar : add extmemmanager
2025-03-25 00:12:02,162 [INFO] IPUIPlugin:80 - create IPUIPlugin
2025-03-25 00:12:02,162 [INFO] PluginManager:220 - loadIPPluginJar : add fatfs
2025-03-25 00:12:02,165 [INFO] IPUIPlugin:80 - create IPUIPlugin
2025-03-25 00:12:02,165 [INFO] PluginManager:220 - loadIPPluginJar : add fmc
2025-03-25 00:12:02,171 [INFO] IPUIPlugin:80 - create IPUIPlugin
2025-03-25 00:12:02,171 [INFO] PluginManager:220 - loadIPPluginJar : add freertos
2025-03-25 00:12:02,172 [INFO] IPUIPlugin:80 - create IPUIPlugin
2025-03-25 00:12:02,172 [INFO] PluginManager:220 - loadIPPluginJar : add genericplugin
2025-03-25 00:12:02,174 [INFO] IPUIPlugin:80 - create IPUIPlugin
2025-03-25 00:12:02,174 [INFO] PluginManager:220 - loadIPPluginJar : add gfxmmu
2025-03-25 00:12:02,178 [INFO] IPUIPlugin:80 - create IPUIPlugin
2025-03-25 00:12:02,178 [INFO] PluginManager:220 - loadIPPluginJar : add gic
2025-03-25 00:12:02,182 [INFO] IPUIPlugin:80 - create IPUIPlugin
2025-03-25 00:12:02,183 [INFO] PluginManager:220 - loadIPPluginJar : add gpio
2025-03-25 00:12:02,185 [INFO] IPUIPlugin:80 - create IPUIPlugin
2025-03-25 00:12:02,185 [INFO] PluginManager:220 - loadIPPluginJar : add gtzc
2025-03-25 00:12:02,186 [INFO] IPUIPlugin:80 - create IPUIPlugin
2025-03-25 00:12:02,186 [INFO] PluginManager:220 - loadIPPluginJar : add hash
2025-03-25 00:12:02,188 [INFO] IPUIPlugin:80 - create IPUIPlugin
2025-03-25 00:12:02,188 [INFO] PluginManager:220 - loadIPPluginJar : add i2c
2025-03-25 00:12:02,190 [INFO] IPUIPlugin:80 - create IPUIPlugin
2025-03-25 00:12:02,190 [INFO] PluginManager:220 - loadIPPluginJar : add i2s
2025-03-25 00:12:02,193 [INFO] IPUIPlugin:80 - create IPUIPlugin
2025-03-25 00:12:02,193 [INFO] PluginManager:220 - loadIPPluginJar : add i3c
2025-03-25 00:12:02,195 [INFO] IPUIPlugin:80 - create IPUIPlugin
2025-03-25 00:12:02,195 [INFO] PluginManager:220 - loadIPPluginJar : add ipddr
2025-03-25 00:12:02,201 [INFO] IPUIPlugin:80 - create IPUIPlugin
2025-03-25 00:12:02,201 [INFO] PluginManager:220 - loadIPPluginJar : add linkedlist
2025-03-25 00:12:02,203 [INFO] IPUIPlugin:80 - create IPUIPlugin
2025-03-25 00:12:02,204 [INFO] PluginManager:220 - loadIPPluginJar : add lorawan
2025-03-25 00:12:02,205 [INFO] IPUIPlugin:80 - create IPUIPlugin
2025-03-25 00:12:02,205 [INFO] PluginManager:220 - loadIPPluginJar : add ltdc
2025-03-25 00:12:02,209 [INFO] IPUIPlugin:80 - create IPUIPlugin
2025-03-25 00:12:02,210 [INFO] PluginManager:220 - loadIPPluginJar : add mdma
2025-03-25 00:12:02,213 [INFO] IPUIPlugin:80 - create IPUIPlugin
2025-03-25 00:12:02,213 [INFO] PluginManager:220 - loadIPPluginJar : add nvic
2025-03-25 00:12:02,215 [INFO] IPUIPlugin:80 - create IPUIPlugin
2025-03-25 00:12:02,215 [INFO] PluginManager:220 - loadIPPluginJar : add opamp
2025-03-25 00:12:02,218 [INFO] IPUIPlugin:80 - create IPUIPlugin
2025-03-25 00:12:02,218 [INFO] PluginManager:220 - loadIPPluginJar : add openamp
2025-03-25 00:12:02,220 [INFO] IPUIPlugin:80 - create IPUIPlugin
2025-03-25 00:12:02,220 [INFO] PluginManager:220 - loadIPPluginJar : add pdm2pcm
2025-03-25 00:12:02,225 [INFO] IPUIPlugin:80 - create IPUIPlugin
2025-03-25 00:12:02,226 [INFO] PluginManager:220 - loadIPPluginJar : add plateformsettings
2025-03-25 00:12:02,228 [INFO] IPUIPlugin:80 - create IPUIPlugin
2025-03-25 00:12:02,228 [INFO] PluginManager:220 - loadIPPluginJar : add quadspi
2025-03-25 00:12:02,229 [INFO] IPUIPlugin:80 - create IPUIPlugin
2025-03-25 00:12:02,229 [INFO] PluginManager:220 - loadIPPluginJar : add radio
2025-03-25 00:12:02,233 [INFO] IPUIPlugin:80 - create IPUIPlugin
2025-03-25 00:12:02,233 [INFO] PluginManager:220 - loadIPPluginJar : add resmgrutility
2025-03-25 00:12:02,235 [INFO] IPUIPlugin:80 - create IPUIPlugin
2025-03-25 00:12:02,235 [INFO] PluginManager:220 - loadIPPluginJar : add sai
2025-03-25 00:12:02,237 [INFO] IPUIPlugin:80 - create IPUIPlugin
2025-03-25 00:12:02,237 [INFO] PluginManager:220 - loadIPPluginJar : add spi
2025-03-25 00:12:02,241 [INFO] IPUIPlugin:80 - create IPUIPlugin
2025-03-25 00:12:02,241 [INFO] PluginManager:220 - loadIPPluginJar : add stm32_wpan
2025-03-25 00:12:02,243 [INFO] IPUIPlugin:80 - create IPUIPlugin
2025-03-25 00:12:02,243 [INFO] PluginManager:220 - loadIPPluginJar : add tim
2025-03-25 00:12:02,246 [INFO] IPUIPlugin:80 - create IPUIPlugin
2025-03-25 00:12:02,246 [INFO] PluginManager:220 - loadIPPluginJar : add touchsensing
2025-03-25 00:12:02,248 [INFO] IPUIPlugin:80 - create IPUIPlugin
2025-03-25 00:12:02,248 [INFO] PluginManager:220 - loadIPPluginJar : add tracer_emb
2025-03-25 00:12:02,249 [INFO] IPUIPlugin:80 - create IPUIPlugin
2025-03-25 00:12:02,249 [INFO] PluginManager:220 - loadIPPluginJar : add ts
2025-03-25 00:12:02,250 [INFO] IPUIPlugin:80 - create IPUIPlugin
2025-03-25 00:12:02,251 [INFO] PluginManager:220 - loadIPPluginJar : add tsc
2025-03-25 00:12:02,252 [INFO] IPUIPlugin:80 - create IPUIPlugin
2025-03-25 00:12:02,252 [INFO] PluginManager:220 - loadIPPluginJar : add ucpd
2025-03-25 00:12:02,254 [INFO] IPUIPlugin:80 - create IPUIPlugin
2025-03-25 00:12:02,254 [INFO] PluginManager:220 - loadIPPluginJar : add usart
2025-03-25 00:12:02,256 [INFO] IPUIPlugin:80 - create IPUIPlugin
2025-03-25 00:12:02,256 [INFO] PluginManager:220 - loadIPPluginJar : add usbx
2025-03-25 00:12:02,365 [FATAL] Updater:351 - Updater called before beeing initialized
2025-03-25 00:12:02,386 [INFO] RulesReader:64 - Compatibility file has been processed (297 Rules)
2025-03-25 00:12:02,393 [INFO] RulesReader:64 - Compatibility file has been processed (297 Rules)
2025-03-25 00:12:02,400 [INFO] CADModel:165 - CPN selected for project level
2025-03-25 00:12:02,400 [INFO] CADModel:114 - Register for checkConnection events
2025-03-25 00:12:02,400 [FATAL] Updater:351 - Updater called before beeing initialized
2025-03-25 00:12:02,400 [ERROR] CADModel:125 - Updater not yet initialized, retry later 
2025-03-25 00:12:02,502 [FATAL] Updater:351 - Updater called before beeing initialized
2025-03-25 00:12:02,504 [INFO] CADModel:165 - CPN selected for project level
2025-03-25 00:12:02,504 [INFO] CADModel:114 - Register for checkConnection events
2025-03-25 00:12:02,504 [FATAL] Updater:351 - Updater called before beeing initialized
2025-03-25 00:12:02,504 [ERROR] CADModel:125 - Updater not yet initialized, retry later 
2025-03-25 00:12:02,506 [FATAL] Updater:351 - Updater called before beeing initialized
2025-03-25 00:12:02,578 [FATAL] Updater:351 - Updater called before beeing initialized
2025-03-25 00:12:02,581 [INFO] DbMcusAds:53 - JSON generation date=Thu Mar 06 17:54:21 TRT 2025 (1741272861825)
2025-03-25 00:12:02,581 [FATAL] Updater:351 - Updater called before beeing initialized
2025-03-25 00:12:02,615 [WARN] DetailPanel:346 - Failed to get advertising image, set to default
2025-03-25 00:12:02,833 [FATAL] Updater:351 - Updater called before beeing initialized
2025-03-25 00:12:02,834 [FATAL] Updater:351 - Updater called before beeing initialized
2025-03-25 00:12:02,835 [FATAL] Updater:351 - Updater called before beeing initialized
2025-03-25 00:12:02,835 [WARN] DetailPanel:346 - Failed to get advertising image, set to default
2025-03-25 00:12:02,836 [FATAL] Updater:351 - Updater called before beeing initialized
2025-03-25 00:12:02,876 [ERROR] Updater:1198 - MainUpdater not yet initialized. External WinMGr cannot be set.
2025-03-25 00:12:02,878 [INFO] Updater:1134 - Updater Version found : 6.13.0
2025-03-25 00:12:02,896 [INFO] ApplicationProperties:184 - Using Application install path: C:\ST\STM32CubeIDE_1.17.0\STM32CubeIDE\plugins\com.st.stm32cube.common.mx_6.13.0.202411220809
2025-03-25 00:12:03,309 [INFO] MainUpdater:2872 - connection check result : 10
2025-03-25 00:12:03,309 [INFO] MainUpdater:289 - Updater Check For Update Now.
2025-03-25 00:12:03,309 [INFO] MicroXplorer:498 - Change Database Version : DB.6.0.130
2025-03-25 00:12:03,316 [INFO] McuFinderGlobals:63 - Set McuFinder mode to 2 (CubeIDE integrated)
2025-03-25 00:12:03,316 [INFO] UserAuth:486 - Internet connection configuration mode: 1
2025-03-25 00:12:03,339 [INFO] JxBrowserEngine:152 - Initiate JxBrowser Engine with user profile folder
2025-03-25 00:12:03,469 [INFO] CheckServerUpdateThread:120 - End of CheckServer Thread
2025-03-25 00:12:04,944 [INFO] WebApp:168 - Instantiating new browser for Auth
2025-03-25 00:12:05,155 [WARN] PackLoader:240 - Cannot read IP mode file for STMicroelectronics.FP-SNS-MOTENVWB1.1.4.0
2025-03-25 00:12:05,179 [WARN] PackLoader:240 - Cannot read IP mode file for STMicroelectronics.FP-ATR-ASTRA1.2.0.2
2025-03-25 00:12:05,186 [WARN] PackLoader:240 - Cannot read IP mode file for STMicroelectronics.FP-ATR-ASTRA1.2.0.1
2025-03-25 00:12:05,206 [WARN] PackLoader:240 - Cannot read IP mode file for STMicroelectronics.X-CUBE-SMBUS.2.1.0
2025-03-25 00:12:05,218 [WARN] PackLoader:240 - Cannot read IP mode file for STMicroelectronics.X-CUBE-WB05N.1.1.0
2025-03-25 00:12:05,257 [WARN] PackLoader:240 - Cannot read IP mode file for STMicroelectronics.X-CUBE-AZRTOS-F7.1.1.0
2025-03-25 00:12:05,268 [WARN] PackLoader:240 - Cannot read IP mode file for STMicroelectronics.FP-SNS-FLIGHT1.5.0.2
2025-03-25 00:12:05,288 [WARN] PackLoader:240 - Cannot read IP mode file for Infineon.AIROC-Wi-Fi-Bluetooth-STM32.1.7.0
2025-03-25 00:12:05,303 [WARN] PackLoader:240 - Cannot read IP mode file for STMicroelectronics.X-CUBE-DISPLAY.3.0.0
2025-03-25 00:12:05,309 [WARN] PackLoader:240 - Cannot read IP mode file for STMicroelectronics.X-CUBE-BLE1.7.0.0
2025-03-25 00:12:05,313 [WARN] PackLoader:240 - Cannot read IP mode file for STMicroelectronics.X-CUBE-NFC10.1.0.0
2025-03-25 00:12:05,322 [WARN] PackLoader:240 - Cannot read IP mode file for STMicroelectronics.X-CUBE-BLEMGR.4.0.0
2025-03-25 00:12:05,329 [WARN] PackLoader:240 - Cannot read IP mode file for emotas.I-CUBE-CANOPEN.1.3.0
2025-03-25 00:12:05,333 [WARN] PackLoader:240 - Cannot read IP mode file for STMicroelectronics.X-CUBE-AI.10.0.0
2025-03-25 00:12:05,337 [WARN] PackLoader:240 - Cannot read IP mode file for STMicroelectronics.FP-SNS-SMARTAG2.1.2.0
2025-03-25 00:12:05,340 [WARN] PackLoader:240 - Cannot read IP mode file for STMicroelectronics.FP-SNS-FLIGHT1.5.1.0
2025-03-25 00:12:05,368 [WARN] PackLoader:240 - Cannot read IP mode file for STMicroelectronics.X-CUBE-MEMS1.11.1.0
2025-03-25 00:12:05,612 [INFO] LogOutputStream:77 - [STDOUT_REDIRECT] 1 : Invalid condition id : UX_CORESTACK_Condition cause : null
2025-03-25 00:12:05,612 [INFO] LogOutputStream:77 - [STDOUT_REDIRECT] 1 : Invalid condition id : UX_CORESTACK_Condition cause : null
2025-03-25 00:12:05,612 [INFO] LogOutputStream:77 - [STDOUT_REDIRECT] 1 : Invalid condition id : UX_CORESTACK_Condition cause : null
2025-03-25 00:12:05,614 [INFO] LogOutputStream:77 - [STDOUT_REDIRECT] 1 : Invalid condition id : UX_CORESTACK_Condition cause : null
2025-03-25 00:12:05,615 [INFO] LogOutputStream:77 - [STDOUT_REDIRECT] 1 : Invalid condition id : UX_CORESTACK_Condition cause : null
2025-03-25 00:12:05,617 [WARN] PackLoader:240 - Cannot read IP mode file for STMicroelectronics.X-CUBE-AZRTOS-WL.2.0.0
2025-03-25 00:12:05,620 [WARN] PackLoader:240 - Cannot read IP mode file for STMicroelectronics.FP-SNS-MOTENV1.5.0.0
2025-03-25 00:12:05,624 [WARN] PackLoader:240 - Cannot read IP mode file for wolfSSL.I-CUBE-wolfMQTT.1.19.0
2025-03-25 00:12:05,630 [WARN] PackLoader:240 - Cannot read IP mode file for WES.I-CUBE-Cesium.1.3.0
2025-03-25 00:12:05,633 [WARN] PackLoader:240 - Cannot read IP mode file for STMicroelectronics.X-CUBE-BLE2.3.3.0
2025-03-25 00:12:05,637 [WARN] PackLoader:240 - Cannot read IP mode file for STMicroelectronics.X-CUBE-NFC9.1.0.0
2025-03-25 00:12:05,640 [WARN] PackLoader:240 - Cannot read IP mode file for STMicroelectronics.X-CUBE-BLE1.7.1.0
2025-03-25 00:12:05,641 [WARN] PackLoader:240 - Cannot read IP mode file for wolfSSL.I-CUBE-wolfMQTT.1.19.2
2025-03-25 00:12:05,654 [WARN] PackLoader:240 - Cannot read IP mode file for STMicroelectronics.X-CUBE-AZRTOS-G0.1.1.0
2025-03-25 00:12:05,659 [WARN] PackLoader:240 - Cannot read IP mode file for STMicroelectronics.X-CUBE-SAFEA1.1.2.2
2025-03-25 00:12:05,662 [WARN] PackLoader:240 - Cannot read IP mode file for STMicroelectronics.X-CUBE-NFC4.3.0.0
2025-03-25 00:12:05,668 [WARN] PackLoader:240 - Cannot read IP mode file for EmbeddedOffice.I-CUBE-FS-RTOS.1.0.1
2025-03-25 00:12:05,672 [WARN] PackLoader:240 - Cannot read IP mode file for wolfSSL.I-CUBE-wolfTPM.3.8.0
2025-03-25 00:12:05,675 [WARN] PackLoader:240 - Cannot read IP mode file for STMicroelectronics.X-CUBE-TCPP.4.2.0
2025-03-25 00:12:05,679 [WARN] PackLoader:240 - Cannot read IP mode file for RealThread.X-CUBE-RT-Thread_Nano.4.1.1
2025-03-25 00:12:05,681 [WARN] PackLoader:240 - Cannot read IP mode file for STMicroelectronics.FP-ATR-SIGFOX1.3.2.0
2025-03-25 00:12:05,684 [WARN] ConditionMgr:438 - getConditionDescription Invalid condition id : Cortex-A Device cause : null
2025-03-25 00:12:05,692 [WARN] ConditionMgr:1044 - genDependencies : Invalid condition id : Cortex-A Device cause : null
2025-03-25 00:12:05,692 [WARN] ConditionMgr:1044 - genDependencies : Invalid condition id : Cortex-A Device cause : null
2025-03-25 00:12:05,692 [WARN] ConditionMgr:1044 - genDependencies : Invalid condition id : Cortex-A Device cause : null
2025-03-25 00:12:05,697 [WARN] PackLoader:240 - Cannot read IP mode file for STMicroelectronics.X-CUBE-EEPRMA1.5.1.0
2025-03-25 00:12:05,701 [WARN] PackLoader:240 - Cannot read IP mode file for wolfSSL.I-CUBE-wolfSSL.5.7.4
2025-03-25 00:12:05,704 [WARN] PackLoader:240 - Cannot read IP mode file for wolfSSL.I-CUBE-wolfSSL.5.7.6
2025-03-25 00:12:05,708 [WARN] PackLoader:240 - Cannot read IP mode file for ITTIA_DB.I-CUBE-ITTIADB.8.9.0
2025-03-25 00:12:05,731 [WARN] PackLoader:240 - Cannot read IP mode file for SEGGER.I-CUBE-embOS.1.3.1
2025-03-25 00:12:05,762 [WARN] PackLoader:240 - Cannot read IP mode file for STMicroelectronics.X-CUBE-ALGOBUILD.1.4.0
2025-03-25 00:12:05,786 [WARN] PackLoader:240 - Cannot read IP mode file for STMicroelectronics.X-CUBE-AI.9.1.0
2025-03-25 00:12:05,810 [WARN] PackLoader:240 - Cannot read IP mode file for STMicroelectronics.X-CUBE-AZRTOS-F4.1.1.0
2025-03-25 00:12:05,819 [WARN] PackLoader:240 - Cannot read IP mode file for STMicroelectronics.X-CUBE-ISPU.2.1.0
2025-03-25 00:12:05,839 [WARN] PackLoader:240 - Cannot read IP mode file for STMicroelectronics.X-CUBE-AZRTOS-L5.2.0.0
2025-03-25 00:12:05,851 [WARN] PackLoader:240 - Cannot read IP mode file for STMicroelectronics.X-CUBE-NFC6.3.1.0
2025-03-25 00:12:05,858 [WARN] PackLoader:240 - Cannot read IP mode file for STMicroelectronics.X-CUBE-DPower.1.2.0
2025-03-25 00:12:05,861 [WARN] PackLoader:240 - Cannot read IP mode file for STMicroelectronics.X-CUBE-FREERTOS.1.3.0
2025-03-25 00:12:05,866 [WARN] PackLoader:240 - Cannot read IP mode file for STMicroelectronics.X-CUBE-NFC7.1.0.1
2025-03-25 00:12:05,881 [WARN] ConditionMgr:438 - getConditionDescription Invalid condition id : LAN8742 Phy interface Condition cause : null
2025-03-25 00:12:05,882 [WARN] PackLoader:240 - Cannot read IP mode file for STMicroelectronics.X-CUBE-AZRTOS-L4.2.0.0
2025-03-25 00:12:05,883 [WARN] ConditionMgr:1044 - genDependencies : Invalid condition id : LAN8742 Phy interface Condition cause : null
2025-03-25 00:12:05,883 [WARN] ConditionMgr:1044 - genDependencies : Invalid condition id : LAN8742 Phy interface Condition cause : null
2025-03-25 00:12:05,883 [WARN] ConditionMgr:1044 - genDependencies : Invalid condition id : LAN8742 Phy interface Condition cause : null
2025-03-25 00:12:05,889 [WARN] PackLoader:240 - Cannot read IP mode file for STMicroelectronics.X-CUBE-SFXS2LP1.4.0.0
2025-03-25 00:12:05,906 [WARN] PackLoader:240 - Cannot read IP mode file for STMicroelectronics.X-CUBE-AZRTOS-H7.3.3.0
2025-03-25 00:12:05,917 [WARN] ConditionMgr:438 - getConditionDescription Invalid condition id : UX DEVICE CLASS RTOS Condition cause : null
2025-03-25 00:12:05,917 [WARN] ConditionMgr:438 - getConditionDescription Invalid condition id : UX DEVICE CLASS RTOS Condition cause : null
2025-03-25 00:12:05,918 [WARN] PackLoader:240 - Cannot read IP mode file for STMicroelectronics.X-CUBE-AZRTOS-WB.2.0.0
2025-03-25 00:12:05,918 [WARN] ConditionMgr:1044 - genDependencies : Invalid condition id : UX DEVICE CLASS RTOS Condition cause : null
2025-03-25 00:12:05,918 [WARN] ConditionMgr:1044 - genDependencies : Invalid condition id : UX DEVICE CLASS RTOS Condition cause : null
2025-03-25 00:12:05,919 [WARN] ConditionMgr:1044 - genDependencies : Invalid condition id : UX DEVICE CLASS RTOS Condition cause : null
2025-03-25 00:12:05,919 [WARN] ConditionMgr:1044 - genDependencies : Invalid condition id : UX DEVICE CLASS RTOS Condition cause : null
2025-03-25 00:12:05,919 [WARN] ConditionMgr:1044 - genDependencies : Invalid condition id : UX DEVICE CLASS RTOS Condition cause : null
2025-03-25 00:12:05,924 [WARN] PackLoader:240 - Cannot read IP mode file for STMicroelectronics.X-CUBE-GNSS1.7.0.1
2025-03-25 00:12:05,930 [WARN] PackLoader:240 - Cannot read IP mode file for STMicroelectronics.X-CUBE-TOUCHGFX.4.25.0
2025-03-25 00:12:05,936 [WARN] PackLoader:240 - Cannot read IP mode file for STMicroelectronics.FP-SNS-STBOX1.2.0.0
2025-03-25 00:12:05,961 [WARN] PackLoader:240 - Cannot read IP mode file for STMicroelectronics.X-CUBE-MEMS1.8.2.0
2025-03-25 00:12:06,070 [WARN] PackLoader:240 - Cannot read IP mode file for STMicroelectronics.X-CUBE-SUBG2.5.0.0
2025-03-25 00:12:06,083 [WARN] PackLoader:240 - Cannot read IP mode file for STMicroelectronics.X-CUBE-AZRTOS-H7RS.1.1.0
2025-03-25 00:12:06,087 [WARN] PackLoader:240 - Cannot read IP mode file for Cesanta.I-CUBE-Mongoose.7.13.0
2025-03-25 00:12:06,095 [WARN] PackLoader:240 - Cannot read IP mode file for STMicroelectronics.X-CUBE-AZRTOS-G4.2.0.0
2025-03-25 00:12:06,099 [WARN] PackLoader:240 - Cannot read IP mode file for wolfSSL.I-CUBE-wolfSSH.1.4.20
2025-03-25 00:12:06,106 [WARN] PackLoader:240 - Cannot read IP mode file for STMicroelectronics.X-CUBE-IPS.3.1.0
2025-03-25 00:12:06,112 [WARN] PackLoader:240 - Cannot read IP mode file for STMicroelectronics.X-CUBE-ALS.1.0.2
2025-03-25 00:12:06,115 [WARN] PackLoader:240 - Cannot read IP mode file for STMicroelectronics.X-CUBE-TOUCHGFX.4.24.2
2025-03-25 00:12:06,117 [WARN] PackLoader:240 - Cannot read IP mode file for wolfSSL.I-CUBE-wolfTPM.3.4.0
2025-03-25 00:12:06,123 [WARN] PackLoader:240 - Cannot read IP mode file for portGmbH.I-Cube-SoM-uGOAL.1.1.0
2025-03-25 00:12:06,141 [WARN] PackLoader:240 - Cannot read IP mode file for STMicroelectronics.X-CUBE-MEMS1.8.3.0
2025-03-25 00:12:06,309 [WARN] PackLoader:240 - Cannot read IP mode file for STMicroelectronics.X-CUBE-AZRTOS-H7RS.1.0.0
2025-03-25 00:12:06,327 [WARN] PackLoader:240 - Cannot read IP mode file for STMicroelectronics.X-CUBE-TOF1.3.4.2
2025-03-25 00:12:06,340 [WARN] PackLoader:240 - Cannot read IP mode file for wolfSSL.I-CUBE-wolfSSH.1.4.17
2025-03-25 00:12:06,341 [INFO] ThirdParty:978 - Integrity check success = true
2025-03-25 00:12:06,341 [INFO] IntegrityCheckThread:100 - exiting critical section [integrity check]
2025-03-25 00:12:06,341 [INFO] IntegrityCheckThread:103 - End integrity checks thread
2025-03-25 00:12:06,351 [INFO] WebApp:449 - Apply proxy settings
2025-03-25 00:12:06,351 [INFO] WebApp:534 - Chromium requires no authentication
2025-03-25 00:12:06,401 [INFO] WebApp:477 - Direct internet connection detected
2025-03-25 00:12:06,489 [INFO] WebApp:880 - Register for checkConnection events
2025-03-25 00:12:06,490 [INFO] WebApp:449 - Apply proxy settings
2025-03-25 00:12:06,490 [INFO] WebApp:534 - Chromium requires no authentication
2025-03-25 00:12:06,490 [INFO] WebApp:477 - Direct internet connection detected
2025-03-25 00:12:06,801 [INFO] WebApp:221 - Starting web application
2025-03-25 00:12:06,802 [INFO] WebApp:579 - Web application path used C:\ST\STM32CubeIDE_1.17.0\STM32CubeIDE\plugins\com.st.stm32cube.common.mx_6.13.0.202411220809\db\plugins\mcufinder\reactClient1\index.html
2025-03-25 00:12:06,908 [INFO] UserAuth:486 - Internet connection configuration mode: 1
2025-03-25 00:12:07,198 [INFO] WebApp:187 - Connection restablished
2025-03-25 00:27:42,278 [ERROR] LogOutputStream:75 - [STDERR_REDIRECT] 
2025-03-25 12:00:12,557 [INFO] Activator:176 - 


2025-03-25 12:00:12,559 [INFO] Activator:177 - !SESSION log4j initialized
2025-03-25 12:00:20,748 [INFO] LogOutputStream:77 - [STDOUT_REDIRECT] 
2025-03-25 12:00:22,037 [INFO] ApplicationProperties:184 - Using Application install path: C:\ST\STM32CubeIDE_1.17.0\STM32CubeIDE\plugins\com.st.stm32cube.common.mx_6.13.0.202411220809
2025-03-25 12:00:22,059 [INFO] DbMcusXml:78 - Set database path to: C:\ST\STM32CubeIDE_1.17.0\STM32CubeIDE\plugins\com.st.stm32cube.common.mx_6.13.0.202411220809\\db\/mcu/
2025-03-25 12:00:22,060 [INFO] ApiDb:274 - Set plugin database path to: C:\ST\STM32CubeIDE_1.17.0\STM32CubeIDE\plugins\com.st.stm32cube.common.mx_6.13.0.202411220809\\db\/plugins/boardmanager/
2025-03-25 12:00:22,060 [WARN] ApiDb:259 - Overriding images path with different value:  => C:\ST\STM32CubeIDE_1.17.0\STM32CubeIDE\plugins\com.st.stm32cube.common.mx_6.13.0.202411220809\\db\/plugins/mcufinder/images/
2025-03-25 12:00:22,071 [INFO] ApiDb:250 - Set database path to: C:\Users\ALEYNA\.stmcufinder\plugins\mcufinder//mcu/
2025-03-25 12:00:22,072 [INFO] DbMcusAds:125 - Set database path to: C:\Users\ALEYNA\.stmcufinder\plugins\mcufinder//mcu/
2025-03-25 12:00:22,075 [INFO] CrossReferenceDbSqlite:203 - Set database path to: C:\Users\ALEYNA\.stmcufinder\plugins\mcufinder//mcu/cs/
2025-03-25 12:00:22,222 [INFO] RulesReader:64 - Compatibility file has been processed (297 Rules)
2025-03-25 12:00:22,334 [INFO] DbMcusXml:78 - Set database path to: C:\ST\STM32CubeIDE_1.17.0\STM32CubeIDE\plugins\com.st.stm32cube.common.mx_6.13.0.202411220809\\db\/mcu/
2025-03-25 12:00:22,335 [INFO] ApiDb:274 - Set plugin database path to: C:\ST\STM32CubeIDE_1.17.0\STM32CubeIDE\plugins\com.st.stm32cube.common.mx_6.13.0.202411220809\\db\/plugins/boardmanager/
2025-03-25 12:00:22,335 [INFO] ApiDb:261 - Set plugin images path to: C:\ST\STM32CubeIDE_1.17.0\STM32CubeIDE\plugins\com.st.stm32cube.common.mx_6.13.0.202411220809\\db\/plugins/mcufinder/images/
2025-03-25 12:00:22,335 [WARN] DbFile:41 - Overriding database path with different value: C:\Users\ALEYNA\.stmcufinder\plugins\mcufinder/ => C:\Users\ALEYNA\.stmcufinder\plugins\mcufinder
2025-03-25 12:00:22,335 [INFO] ApiDb:250 - Set database path to: C:\Users\ALEYNA\.stmcufinder\plugins\mcufinder//mcu/
2025-03-25 12:00:22,335 [WARN] DbFile:41 - Overriding database path with different value: C:\Users\ALEYNA\.stmcufinder\plugins\mcufinder/ => C:\Users\ALEYNA\.stmcufinder\plugins\mcufinder
2025-03-25 12:00:22,335 [INFO] DbMcusAds:125 - Set database path to: C:\Users\ALEYNA\.stmcufinder\plugins\mcufinder//mcu/
2025-03-25 12:00:22,336 [WARN] DbFile:41 - Overriding database path with different value: C:\Users\ALEYNA\.stmcufinder\plugins\mcufinder/ => C:\Users\ALEYNA\.stmcufinder\plugins\mcufinder
2025-03-25 12:00:22,336 [WARN] DbFile:41 - Overriding database path with different value: C:\Users\ALEYNA\.stmcufinder\plugins\mcufinder/ => C:\Users\ALEYNA\.stmcufinder\plugins\mcufinder
2025-03-25 12:00:22,336 [INFO] CrossReferenceDbSqlite:203 - Set database path to: C:\Users\ALEYNA\.stmcufinder\plugins\mcufinder//mcu/cs/
2025-03-25 12:00:22,462 [INFO] MainPanel:272 - HeapMemory: 320864256
2025-03-25 12:00:22,692 [INFO] DbMcusXml:78 - Set database path to: C:\ST\STM32CubeIDE_1.17.0\STM32CubeIDE\plugins\com.st.stm32cube.common.mx_6.13.0.202411220809\\db\/mcu/
2025-03-25 12:00:22,693 [INFO] ApiDb:274 - Set plugin database path to: C:\ST\STM32CubeIDE_1.17.0\STM32CubeIDE\plugins\com.st.stm32cube.common.mx_6.13.0.202411220809\\db\/plugins/boardmanager/
2025-03-25 12:00:22,693 [INFO] ApiDb:261 - Set plugin images path to: C:\ST\STM32CubeIDE_1.17.0\STM32CubeIDE\plugins\com.st.stm32cube.common.mx_6.13.0.202411220809\\db\/plugins/mcufinder/images/
2025-03-25 12:00:22,693 [WARN] DbFile:41 - Overriding database path with different value: C:\Users\ALEYNA\.stmcufinder\plugins\mcufinder/ => C:\Users\ALEYNA\.stmcufinder\plugins\mcufinder
2025-03-25 12:00:22,694 [INFO] ApiDb:250 - Set database path to: C:\Users\ALEYNA\.stmcufinder\plugins\mcufinder//mcu/
2025-03-25 12:00:22,694 [WARN] DbFile:41 - Overriding database path with different value: C:\Users\ALEYNA\.stmcufinder\plugins\mcufinder/ => C:\Users\ALEYNA\.stmcufinder\plugins\mcufinder
2025-03-25 12:00:22,694 [INFO] DbMcusAds:125 - Set database path to: C:\Users\ALEYNA\.stmcufinder\plugins\mcufinder//mcu/
2025-03-25 12:00:22,694 [WARN] DbFile:41 - Overriding database path with different value: C:\Users\ALEYNA\.stmcufinder\plugins\mcufinder/ => C:\Users\ALEYNA\.stmcufinder\plugins\mcufinder
2025-03-25 12:00:22,694 [WARN] DbFile:41 - Overriding database path with different value: C:\Users\ALEYNA\.stmcufinder\plugins\mcufinder/ => C:\Users\ALEYNA\.stmcufinder\plugins\mcufinder
2025-03-25 12:00:22,694 [INFO] CrossReferenceDbSqlite:203 - Set database path to: C:\Users\ALEYNA\.stmcufinder\plugins\mcufinder//mcu/cs/
2025-03-25 12:00:22,722 [INFO] ApplicationProperties:184 - Using Application install path: C:\ST\STM32CubeIDE_1.17.0\STM32CubeIDE\plugins\com.st.stm32cube.common.mx_6.13.0.202411220809
2025-03-25 12:00:22,724 [INFO] PluginManage:196 - Search for loadable plugins [exclusion list=, ]
2025-03-25 12:00:22,726 [INFO] PluginManage:310 - Check plugin analytics
2025-03-25 12:00:23,041 [INFO] AnalyticsPlugin:253 - Accepted Software Licenses: STM32CubeMX.6.13.0
2025-03-25 12:00:23,041 [INFO] AnalyticsPlugin:255 - Accepted CMSIS Pack Licenses: STMicroelectronics.X-CUBE-MEMS1.8.3.0,STMicroelectronics.X-CUBE-MEMS1.8.2.0
2025-03-25 12:00:23,042 [INFO] AnalyticsPlugin:257 - Accepted Firmware Licenses: FW.WL.1.3.0,FW.WL.1.1.0,FW.WL.1.2.0,FW.F4.1.28.0
2025-03-25 12:00:23,062 [INFO] PluginManage:359 - Loaded plugin analytics (category:tool,tabindex:-1)
2025-03-25 12:00:23,062 [INFO] PluginManage:310 - Check plugin cadmodel
2025-03-25 12:00:23,080 [INFO] CADModel:105 - Init CAD model plugin
2025-03-25 12:00:23,080 [INFO] PluginManage:359 - Loaded plugin cadmodel (category:power,tabindex:5)
2025-03-25 12:00:23,081 [INFO] PluginManage:310 - Check plugin clock
2025-03-25 12:00:23,125 [INFO] PluginManage:359 - Loaded plugin clock (category:base,tabindex:2)
2025-03-25 12:00:23,126 [INFO] PluginManage:310 - Check plugin ddr
2025-03-25 12:00:23,135 [INFO] PluginManage:359 - Loaded plugin ddr (category:tool,tabindex:6)
2025-03-25 12:00:23,136 [INFO] PluginManage:310 - Check plugin filemanager
2025-03-25 12:00:23,298 [ERROR] ConfigurationRetriever:142 - IOException on connection: Read timed out
2025-03-25 12:00:23,375 [INFO] PluginManage:359 - Loaded plugin filemanager (category:base,tabindex:10)
2025-03-25 12:00:23,375 [INFO] PluginManage:310 - Check plugin ipmanager
2025-03-25 12:00:23,383 [INFO] PluginManage:359 - Loaded plugin ipmanager (category:base,tabindex:5)
2025-03-25 12:00:23,384 [INFO] PluginManage:310 - Check plugin lpbam
2025-03-25 12:00:23,394 [INFO] PluginManage:359 - Loaded plugin lpbam (category:base,tabindex:0)
2025-03-25 12:00:23,394 [INFO] PluginManage:310 - Check plugin memorymap
2025-03-25 12:00:23,412 [INFO] PluginManage:359 - Loaded plugin memorymap (category:base,tabindex:4)
2025-03-25 12:00:23,412 [INFO] PluginManage:310 - Check plugin pinoutandconfiguration
2025-03-25 12:00:23,422 [INFO] PluginManage:359 - Loaded plugin pinoutandconfiguration (category:base,tabindex:1)
2025-03-25 12:00:23,422 [INFO] PluginManage:310 - Check plugin pinoutconfig
2025-03-25 12:00:23,556 [WARN] SupportedApi:132 - Cannot load RTOS API schema: s4s-elt-must-match.1: The content of 'definitions' must match (annotation?, (simpleType | complexType)?, (unique | key | keyref)*)). A problem was found starting at: attribute.
2025-03-25 12:00:23,764 [INFO] PluginManage:359 - Loaded plugin pinoutconfig (category:base,tabindex:0)
2025-03-25 12:00:23,765 [INFO] PluginManage:310 - Check plugin power
2025-03-25 12:00:23,783 [INFO] PluginManage:359 - Loaded plugin power (category:power,tabindex:4)
2025-03-25 12:00:23,784 [INFO] PluginManage:310 - Check plugin projectmanager
2025-03-25 12:00:23,810 [INFO] PluginManage:359 - Loaded plugin projectmanager (category:projectmanager,tabindex:4)
2025-03-25 12:00:23,811 [INFO] PluginManage:310 - Check plugin rif
2025-03-25 12:00:23,834 [INFO] PluginManage:359 - Loaded plugin rif (category:base,tabindex:3)
2025-03-25 12:00:23,834 [INFO] PluginManage:310 - Check plugin thirdparty
2025-03-25 12:00:24,019 [INFO] PluginManage:359 - Loaded plugin thirdparty (category:base,tabindex:-1)
2025-03-25 12:00:24,019 [WARN] IntegrityCheckThread:84 - waiting for thirdparty lock release [integrity check]
2025-03-25 12:00:24,019 [INFO] PluginManage:310 - Check plugin tools
2025-03-25 12:00:24,019 [INFO] IntegrityCheckThread:86 - entering critical section [integrity check]
2025-03-25 12:00:24,020 [INFO] ThirdPartyUpdaterWithRetryManager:70 - Updater plugin not ready yet. [1/15]
2025-03-25 12:00:24,025 [INFO] PluginManage:359 - Loaded plugin tools (category:base,tabindex:7)
2025-03-25 12:00:24,025 [INFO] PluginManage:310 - Check plugin tutovideos
2025-03-25 12:00:24,355 [INFO] PluginManage:359 - Loaded plugin tutovideos (category:base,tabindex:-1)
2025-03-25 12:00:24,356 [INFO] PluginManage:310 - Check plugin updater
2025-03-25 12:00:24,400 [INFO] PluginManage:359 - Loaded plugin updater (category:base,tabindex:12)
2025-03-25 12:00:24,400 [INFO] PluginManage:310 - Check plugin userauth
2025-03-25 12:00:24,411 [INFO] UserAuth:118 - Init User Auth plugin
2025-03-25 12:00:24,413 [INFO] PluginManage:359 - Loaded plugin userauth (category:base,tabindex:14)
2025-03-25 12:00:24,414 [INFO] PluginManage:283 - PluginManage : Loaded plugins [18]
2025-03-25 12:00:24,842 [INFO] PinOutPanel:1589 - setPackage(No Configuration,No Configuration)
2025-03-25 12:00:24,956 [INFO] CADModel:165 - CPN selected for project level
2025-03-25 12:00:24,956 [INFO] CADModel:114 - Register for checkConnection events
2025-03-25 12:00:24,981 [INFO] IPUIPlugin:80 - create IPUIPlugin
2025-03-25 12:00:24,981 [INFO] PluginManager:220 - loadIPPluginJar : add adc
2025-03-25 12:00:24,985 [INFO] IPUIPlugin:80 - create IPUIPlugin
2025-03-25 12:00:24,985 [INFO] PluginManager:220 - loadIPPluginJar : add aes
2025-03-25 12:00:24,991 [INFO] IPUIPlugin:80 - create IPUIPlugin
2025-03-25 12:00:24,992 [INFO] PluginManager:220 - loadIPPluginJar : add can
2025-03-25 12:00:24,994 [INFO] IPUIPlugin:80 - create IPUIPlugin
2025-03-25 12:00:24,994 [INFO] PluginManager:220 - loadIPPluginJar : add comp
2025-03-25 12:00:24,998 [INFO] IPUIPlugin:80 - create IPUIPlugin
2025-03-25 12:00:24,998 [INFO] PluginManager:220 - loadIPPluginJar : add cryp
2025-03-25 12:00:25,002 [INFO] IPUIPlugin:80 - create IPUIPlugin
2025-03-25 12:00:25,002 [INFO] PluginManager:220 - loadIPPluginJar : add ddr_ctrl_phy
2025-03-25 12:00:25,004 [INFO] IPUIPlugin:80 - create IPUIPlugin
2025-03-25 12:00:25,004 [INFO] PluginManager:220 - loadIPPluginJar : add dfsdm
2025-03-25 12:00:25,011 [INFO] IPUIPlugin:80 - create IPUIPlugin
2025-03-25 12:00:25,012 [INFO] PluginManager:220 - loadIPPluginJar : add dma
2025-03-25 12:00:25,016 [INFO] IPUIPlugin:80 - create IPUIPlugin
2025-03-25 12:00:25,016 [INFO] PluginManager:220 - loadIPPluginJar : add dma3
2025-03-25 12:00:25,020 [INFO] IPUIPlugin:80 - create IPUIPlugin
2025-03-25 12:00:25,020 [INFO] PluginManager:220 - loadIPPluginJar : add extmemmanager
2025-03-25 12:00:25,021 [INFO] IPUIPlugin:80 - create IPUIPlugin
2025-03-25 12:00:25,021 [INFO] PluginManager:220 - loadIPPluginJar : add fatfs
2025-03-25 12:00:25,029 [INFO] IPUIPlugin:80 - create IPUIPlugin
2025-03-25 12:00:25,029 [INFO] PluginManager:220 - loadIPPluginJar : add fmc
2025-03-25 12:00:25,038 [INFO] IPUIPlugin:80 - create IPUIPlugin
2025-03-25 12:00:25,038 [INFO] PluginManager:220 - loadIPPluginJar : add freertos
2025-03-25 12:00:25,040 [INFO] IPUIPlugin:80 - create IPUIPlugin
2025-03-25 12:00:25,040 [INFO] PluginManager:220 - loadIPPluginJar : add genericplugin
2025-03-25 12:00:25,042 [INFO] IPUIPlugin:80 - create IPUIPlugin
2025-03-25 12:00:25,042 [INFO] PluginManager:220 - loadIPPluginJar : add gfxmmu
2025-03-25 12:00:25,048 [INFO] IPUIPlugin:80 - create IPUIPlugin
2025-03-25 12:00:25,048 [INFO] PluginManager:220 - loadIPPluginJar : add gic
2025-03-25 12:00:25,055 [INFO] IPUIPlugin:80 - create IPUIPlugin
2025-03-25 12:00:25,055 [INFO] PluginManager:220 - loadIPPluginJar : add gpio
2025-03-25 12:00:25,059 [INFO] IPUIPlugin:80 - create IPUIPlugin
2025-03-25 12:00:25,059 [INFO] PluginManager:220 - loadIPPluginJar : add gtzc
2025-03-25 12:00:25,062 [INFO] IPUIPlugin:80 - create IPUIPlugin
2025-03-25 12:00:25,062 [INFO] PluginManager:220 - loadIPPluginJar : add hash
2025-03-25 12:00:25,066 [INFO] IPUIPlugin:80 - create IPUIPlugin
2025-03-25 12:00:25,066 [INFO] PluginManager:220 - loadIPPluginJar : add i2c
2025-03-25 12:00:25,069 [INFO] IPUIPlugin:80 - create IPUIPlugin
2025-03-25 12:00:25,069 [INFO] PluginManager:220 - loadIPPluginJar : add i2s
2025-03-25 12:00:25,074 [INFO] IPUIPlugin:80 - create IPUIPlugin
2025-03-25 12:00:25,074 [INFO] PluginManager:220 - loadIPPluginJar : add i3c
2025-03-25 12:00:25,079 [INFO] IPUIPlugin:80 - create IPUIPlugin
2025-03-25 12:00:25,081 [INFO] PluginManager:220 - loadIPPluginJar : add ipddr
2025-03-25 12:00:25,089 [INFO] IPUIPlugin:80 - create IPUIPlugin
2025-03-25 12:00:25,090 [INFO] PluginManager:220 - loadIPPluginJar : add linkedlist
2025-03-25 12:00:25,094 [INFO] IPUIPlugin:80 - create IPUIPlugin
2025-03-25 12:00:25,094 [INFO] PluginManager:220 - loadIPPluginJar : add lorawan
2025-03-25 12:00:25,096 [INFO] IPUIPlugin:80 - create IPUIPlugin
2025-03-25 12:00:25,096 [INFO] PluginManager:220 - loadIPPluginJar : add ltdc
2025-03-25 12:00:25,105 [INFO] IPUIPlugin:80 - create IPUIPlugin
2025-03-25 12:00:25,106 [INFO] PluginManager:220 - loadIPPluginJar : add mdma
2025-03-25 12:00:25,110 [INFO] IPUIPlugin:80 - create IPUIPlugin
2025-03-25 12:00:25,110 [INFO] PluginManager:220 - loadIPPluginJar : add nvic
2025-03-25 12:00:25,115 [INFO] IPUIPlugin:80 - create IPUIPlugin
2025-03-25 12:00:25,115 [INFO] PluginManager:220 - loadIPPluginJar : add opamp
2025-03-25 12:00:25,119 [INFO] IPUIPlugin:80 - create IPUIPlugin
2025-03-25 12:00:25,120 [INFO] PluginManager:220 - loadIPPluginJar : add openamp
2025-03-25 12:00:25,124 [INFO] IPUIPlugin:80 - create IPUIPlugin
2025-03-25 12:00:25,124 [INFO] PluginManager:220 - loadIPPluginJar : add pdm2pcm
2025-03-25 12:00:25,135 [INFO] IPUIPlugin:80 - create IPUIPlugin
2025-03-25 12:00:25,138 [INFO] PluginManager:220 - loadIPPluginJar : add plateformsettings
2025-03-25 12:00:25,142 [INFO] IPUIPlugin:80 - create IPUIPlugin
2025-03-25 12:00:25,142 [INFO] PluginManager:220 - loadIPPluginJar : add quadspi
2025-03-25 12:00:25,145 [INFO] IPUIPlugin:80 - create IPUIPlugin
2025-03-25 12:00:25,145 [INFO] PluginManager:220 - loadIPPluginJar : add radio
2025-03-25 12:00:25,152 [INFO] IPUIPlugin:80 - create IPUIPlugin
2025-03-25 12:00:25,152 [INFO] PluginManager:220 - loadIPPluginJar : add resmgrutility
2025-03-25 12:00:25,157 [INFO] IPUIPlugin:80 - create IPUIPlugin
2025-03-25 12:00:25,157 [INFO] PluginManager:220 - loadIPPluginJar : add sai
2025-03-25 12:00:25,161 [INFO] IPUIPlugin:80 - create IPUIPlugin
2025-03-25 12:00:25,161 [INFO] PluginManager:220 - loadIPPluginJar : add spi
2025-03-25 12:00:25,173 [INFO] IPUIPlugin:80 - create IPUIPlugin
2025-03-25 12:00:25,174 [INFO] PluginManager:220 - loadIPPluginJar : add stm32_wpan
2025-03-25 12:00:25,178 [INFO] IPUIPlugin:80 - create IPUIPlugin
2025-03-25 12:00:25,178 [INFO] PluginManager:220 - loadIPPluginJar : add tim
2025-03-25 12:00:25,183 [INFO] IPUIPlugin:80 - create IPUIPlugin
2025-03-25 12:00:25,183 [INFO] PluginManager:220 - loadIPPluginJar : add touchsensing
2025-03-25 12:00:25,187 [INFO] IPUIPlugin:80 - create IPUIPlugin
2025-03-25 12:00:25,187 [INFO] PluginManager:220 - loadIPPluginJar : add tracer_emb
2025-03-25 12:00:25,193 [INFO] IPUIPlugin:80 - create IPUIPlugin
2025-03-25 12:00:25,193 [INFO] PluginManager:220 - loadIPPluginJar : add ts
2025-03-25 12:00:25,197 [INFO] IPUIPlugin:80 - create IPUIPlugin
2025-03-25 12:00:25,197 [INFO] PluginManager:220 - loadIPPluginJar : add tsc
2025-03-25 12:00:25,200 [INFO] IPUIPlugin:80 - create IPUIPlugin
2025-03-25 12:00:25,200 [INFO] PluginManager:220 - loadIPPluginJar : add ucpd
2025-03-25 12:00:25,208 [INFO] IPUIPlugin:80 - create IPUIPlugin
2025-03-25 12:00:25,209 [INFO] PluginManager:220 - loadIPPluginJar : add usart
2025-03-25 12:00:25,214 [INFO] IPUIPlugin:80 - create IPUIPlugin
2025-03-25 12:00:25,214 [INFO] PluginManager:220 - loadIPPluginJar : add usbx
2025-03-25 12:00:25,377 [FATAL] Updater:351 - Updater called before beeing initialized
2025-03-25 12:00:25,430 [INFO] RulesReader:64 - Compatibility file has been processed (297 Rules)
2025-03-25 12:00:25,450 [INFO] RulesReader:64 - Compatibility file has been processed (297 Rules)
2025-03-25 12:00:25,468 [INFO] CADModel:165 - CPN selected for project level
2025-03-25 12:00:25,468 [INFO] CADModel:114 - Register for checkConnection events
2025-03-25 12:00:25,468 [FATAL] Updater:351 - Updater called before beeing initialized
2025-03-25 12:00:25,469 [ERROR] CADModel:125 - Updater not yet initialized, retry later 
2025-03-25 12:00:25,713 [FATAL] Updater:351 - Updater called before beeing initialized
2025-03-25 12:00:25,716 [INFO] CADModel:165 - CPN selected for project level
2025-03-25 12:00:25,716 [INFO] CADModel:114 - Register for checkConnection events
2025-03-25 12:00:25,716 [FATAL] Updater:351 - Updater called before beeing initialized
2025-03-25 12:00:25,716 [ERROR] CADModel:125 - Updater not yet initialized, retry later 
2025-03-25 12:00:25,719 [FATAL] Updater:351 - Updater called before beeing initialized
2025-03-25 12:00:25,876 [FATAL] Updater:351 - Updater called before beeing initialized
2025-03-25 12:00:25,883 [INFO] DbMcusAds:53 - JSON generation date=Thu Mar 06 17:54:21 TRT 2025 (1741272861825)
2025-03-25 12:00:25,883 [FATAL] Updater:351 - Updater called before beeing initialized
2025-03-25 12:00:25,937 [WARN] DetailPanel:346 - Failed to get advertising image, set to default
2025-03-25 12:00:26,169 [FATAL] Updater:351 - Updater called before beeing initialized
2025-03-25 12:00:26,172 [FATAL] Updater:351 - Updater called before beeing initialized
2025-03-25 12:00:26,172 [FATAL] Updater:351 - Updater called before beeing initialized
2025-03-25 12:00:26,172 [WARN] DetailPanel:346 - Failed to get advertising image, set to default
2025-03-25 12:00:26,173 [FATAL] Updater:351 - Updater called before beeing initialized
2025-03-25 12:00:26,297 [ERROR] Updater:1198 - MainUpdater not yet initialized. External WinMGr cannot be set.
2025-03-25 12:00:26,307 [INFO] Updater:1134 - Updater Version found : 6.13.0
2025-03-25 12:00:26,346 [INFO] ApplicationProperties:184 - Using Application install path: C:\ST\STM32CubeIDE_1.17.0\STM32CubeIDE\plugins\com.st.stm32cube.common.mx_6.13.0.202411220809
2025-03-25 12:00:27,022 [INFO] ThirdPartyUpdaterWithRetryManager:70 - Updater plugin not ready yet. [2/15]
2025-03-25 12:00:27,062 [INFO] MainUpdater:2872 - connection check result : 10
2025-03-25 12:00:27,063 [INFO] MainUpdater:289 - Updater Check For Update Now.
2025-03-25 12:00:27,063 [INFO] MicroXplorer:498 - Change Database Version : DB.6.0.130
2025-03-25 12:00:27,080 [INFO] McuFinderGlobals:63 - Set McuFinder mode to 2 (CubeIDE integrated)
2025-03-25 12:00:27,082 [INFO] UserAuth:486 - Internet connection configuration mode: 1
2025-03-25 12:00:27,197 [INFO] JxBrowserEngine:152 - Initiate JxBrowser Engine with user profile folder
2025-03-25 12:00:27,335 [INFO] CheckServerUpdateThread:120 - End of CheckServer Thread
2025-03-25 12:00:29,273 [INFO] WebApp:168 - Instantiating new browser for Auth
2025-03-25 12:00:30,320 [WARN] PackLoader:240 - Cannot read IP mode file for STMicroelectronics.FP-SNS-MOTENVWB1.1.4.0
2025-03-25 12:00:30,332 [WARN] PackLoader:240 - Cannot read IP mode file for STMicroelectronics.FP-ATR-ASTRA1.2.0.2
2025-03-25 12:00:30,336 [WARN] PackLoader:240 - Cannot read IP mode file for STMicroelectronics.FP-ATR-ASTRA1.2.0.1
2025-03-25 12:00:30,348 [WARN] PackLoader:240 - Cannot read IP mode file for STMicroelectronics.X-CUBE-SMBUS.2.1.0
2025-03-25 12:00:30,358 [WARN] PackLoader:240 - Cannot read IP mode file for STMicroelectronics.X-CUBE-WB05N.1.1.0
2025-03-25 12:00:30,403 [WARN] PackLoader:240 - Cannot read IP mode file for STMicroelectronics.X-CUBE-AZRTOS-F7.1.1.0
2025-03-25 12:00:30,420 [WARN] PackLoader:240 - Cannot read IP mode file for STMicroelectronics.FP-SNS-FLIGHT1.5.0.2
2025-03-25 12:00:30,472 [WARN] PackLoader:240 - Cannot read IP mode file for Infineon.AIROC-Wi-Fi-Bluetooth-STM32.1.7.0
2025-03-25 12:00:30,497 [WARN] PackLoader:240 - Cannot read IP mode file for STMicroelectronics.X-CUBE-DISPLAY.3.0.0
2025-03-25 12:00:30,516 [WARN] PackLoader:240 - Cannot read IP mode file for STMicroelectronics.X-CUBE-BLE1.7.0.0
2025-03-25 12:00:30,533 [WARN] PackLoader:240 - Cannot read IP mode file for STMicroelectronics.X-CUBE-NFC10.1.0.0
2025-03-25 12:00:30,573 [WARN] PackLoader:240 - Cannot read IP mode file for STMicroelectronics.X-CUBE-BLEMGR.4.0.0
2025-03-25 12:00:30,584 [INFO] WebApp:449 - Apply proxy settings
2025-03-25 12:00:30,585 [INFO] WebApp:534 - Chromium requires no authentication
2025-03-25 12:00:30,598 [WARN] PackLoader:240 - Cannot read IP mode file for emotas.I-CUBE-CANOPEN.1.3.0
2025-03-25 12:00:30,611 [WARN] PackLoader:240 - Cannot read IP mode file for STMicroelectronics.X-CUBE-AI.10.0.0
2025-03-25 12:00:30,623 [WARN] PackLoader:240 - Cannot read IP mode file for STMicroelectronics.FP-SNS-SMARTAG2.1.2.0
2025-03-25 12:00:30,628 [INFO] WebApp:477 - Direct internet connection detected
2025-03-25 12:00:30,631 [WARN] PackLoader:240 - Cannot read IP mode file for STMicroelectronics.FP-SNS-FLIGHT1.5.1.0
2025-03-25 12:00:30,728 [INFO] WebApp:880 - Register for checkConnection events
2025-03-25 12:00:30,729 [INFO] WebApp:449 - Apply proxy settings
2025-03-25 12:00:30,729 [INFO] WebApp:534 - Chromium requires no authentication
2025-03-25 12:00:30,730 [INFO] WebApp:477 - Direct internet connection detected
2025-03-25 12:00:30,734 [WARN] PackLoader:240 - Cannot read IP mode file for STMicroelectronics.X-CUBE-MEMS1.11.1.0
2025-03-25 12:00:31,251 [INFO] LogOutputStream:77 - [STDOUT_REDIRECT] 1 : Invalid condition id : UX_CORESTACK_Condition cause : null
2025-03-25 12:00:31,253 [INFO] LogOutputStream:77 - [STDOUT_REDIRECT] 1 : Invalid condition id : UX_CORESTACK_Condition cause : null
2025-03-25 12:00:31,255 [INFO] LogOutputStream:77 - [STDOUT_REDIRECT] 1 : Invalid condition id : UX_CORESTACK_Condition cause : null
2025-03-25 12:00:31,261 [INFO] LogOutputStream:77 - [STDOUT_REDIRECT] 1 : Invalid condition id : UX_CORESTACK_Condition cause : null
2025-03-25 12:00:31,263 [INFO] LogOutputStream:77 - [STDOUT_REDIRECT] 1 : Invalid condition id : UX_CORESTACK_Condition cause : null
2025-03-25 12:00:31,266 [WARN] PackLoader:240 - Cannot read IP mode file for STMicroelectronics.X-CUBE-AZRTOS-WL.2.0.0
2025-03-25 12:00:31,271 [WARN] PackLoader:240 - Cannot read IP mode file for STMicroelectronics.FP-SNS-MOTENV1.5.0.0
2025-03-25 12:00:31,278 [WARN] PackLoader:240 - Cannot read IP mode file for wolfSSL.I-CUBE-wolfMQTT.1.19.0
2025-03-25 12:00:31,289 [WARN] PackLoader:240 - Cannot read IP mode file for WES.I-CUBE-Cesium.1.3.0
2025-03-25 12:00:31,310 [WARN] PackLoader:240 - Cannot read IP mode file for STMicroelectronics.X-CUBE-BLE2.3.3.0
2025-03-25 12:00:31,317 [WARN] PackLoader:240 - Cannot read IP mode file for STMicroelectronics.X-CUBE-NFC9.1.0.0
2025-03-25 12:00:31,323 [WARN] PackLoader:240 - Cannot read IP mode file for STMicroelectronics.X-CUBE-BLE1.7.1.0
2025-03-25 12:00:31,327 [WARN] PackLoader:240 - Cannot read IP mode file for wolfSSL.I-CUBE-wolfMQTT.1.19.2
2025-03-25 12:00:31,344 [WARN] PackLoader:240 - Cannot read IP mode file for STMicroelectronics.X-CUBE-AZRTOS-G0.1.1.0
2025-03-25 12:00:31,354 [WARN] PackLoader:240 - Cannot read IP mode file for STMicroelectronics.X-CUBE-SAFEA1.1.2.2
2025-03-25 12:00:31,362 [WARN] PackLoader:240 - Cannot read IP mode file for STMicroelectronics.X-CUBE-NFC4.3.0.0
2025-03-25 12:00:31,375 [WARN] PackLoader:240 - Cannot read IP mode file for EmbeddedOffice.I-CUBE-FS-RTOS.1.0.1
2025-03-25 12:00:31,383 [WARN] PackLoader:240 - Cannot read IP mode file for wolfSSL.I-CUBE-wolfTPM.3.8.0
2025-03-25 12:00:31,392 [WARN] PackLoader:240 - Cannot read IP mode file for STMicroelectronics.X-CUBE-TCPP.4.2.0
2025-03-25 12:00:31,408 [WARN] PackLoader:240 - Cannot read IP mode file for RealThread.X-CUBE-RT-Thread_Nano.4.1.1
2025-03-25 12:00:31,414 [WARN] PackLoader:240 - Cannot read IP mode file for STMicroelectronics.FP-ATR-SIGFOX1.3.2.0
2025-03-25 12:00:31,419 [WARN] ConditionMgr:438 - getConditionDescription Invalid condition id : Cortex-A Device cause : null
2025-03-25 12:00:31,432 [INFO] WebApp:187 - Connection restablished
2025-03-25 12:00:31,433 [WARN] ConditionMgr:1044 - genDependencies : Invalid condition id : Cortex-A Device cause : null
2025-03-25 12:00:31,434 [WARN] ConditionMgr:1044 - genDependencies : Invalid condition id : Cortex-A Device cause : null
2025-03-25 12:00:31,434 [WARN] ConditionMgr:1044 - genDependencies : Invalid condition id : Cortex-A Device cause : null
2025-03-25 12:00:31,442 [WARN] PackLoader:240 - Cannot read IP mode file for STMicroelectronics.X-CUBE-EEPRMA1.5.1.0
2025-03-25 12:00:31,449 [WARN] PackLoader:240 - Cannot read IP mode file for wolfSSL.I-CUBE-wolfSSL.5.7.4
2025-03-25 12:00:31,453 [WARN] PackLoader:240 - Cannot read IP mode file for wolfSSL.I-CUBE-wolfSSL.5.7.6
2025-03-25 12:00:31,460 [WARN] PackLoader:240 - Cannot read IP mode file for ITTIA_DB.I-CUBE-ITTIADB.8.9.0
2025-03-25 12:00:31,489 [WARN] PackLoader:240 - Cannot read IP mode file for SEGGER.I-CUBE-embOS.1.3.1
2025-03-25 12:00:31,536 [WARN] PackLoader:240 - Cannot read IP mode file for STMicroelectronics.X-CUBE-ALGOBUILD.1.4.0
2025-03-25 12:00:31,541 [WARN] PackLoader:240 - Cannot read IP mode file for STMicroelectronics.X-CUBE-AI.9.1.0
2025-03-25 12:00:31,561 [WARN] PackLoader:240 - Cannot read IP mode file for STMicroelectronics.X-CUBE-AZRTOS-F4.1.1.0
2025-03-25 12:00:31,570 [WARN] PackLoader:240 - Cannot read IP mode file for STMicroelectronics.X-CUBE-ISPU.2.1.0
2025-03-25 12:00:31,595 [WARN] PackLoader:240 - Cannot read IP mode file for STMicroelectronics.X-CUBE-AZRTOS-L5.2.0.0
2025-03-25 12:00:31,609 [WARN] PackLoader:240 - Cannot read IP mode file for STMicroelectronics.X-CUBE-NFC6.3.1.0
2025-03-25 12:00:31,620 [WARN] PackLoader:240 - Cannot read IP mode file for STMicroelectronics.X-CUBE-DPower.1.2.0
2025-03-25 12:00:31,628 [WARN] PackLoader:240 - Cannot read IP mode file for STMicroelectronics.X-CUBE-FREERTOS.1.3.0
2025-03-25 12:00:31,634 [WARN] PackLoader:240 - Cannot read IP mode file for STMicroelectronics.X-CUBE-NFC7.1.0.1
2025-03-25 12:00:31,655 [WARN] ConditionMgr:438 - getConditionDescription Invalid condition id : LAN8742 Phy interface Condition cause : null
2025-03-25 12:00:31,656 [WARN] PackLoader:240 - Cannot read IP mode file for STMicroelectronics.X-CUBE-AZRTOS-L4.2.0.0
2025-03-25 12:00:31,658 [WARN] ConditionMgr:1044 - genDependencies : Invalid condition id : LAN8742 Phy interface Condition cause : null
2025-03-25 12:00:31,659 [WARN] ConditionMgr:1044 - genDependencies : Invalid condition id : LAN8742 Phy interface Condition cause : null
2025-03-25 12:00:31,660 [WARN] ConditionMgr:1044 - genDependencies : Invalid condition id : LAN8742 Phy interface Condition cause : null
2025-03-25 12:00:31,669 [WARN] PackLoader:240 - Cannot read IP mode file for STMicroelectronics.X-CUBE-SFXS2LP1.4.0.0
2025-03-25 12:00:31,700 [WARN] PackLoader:240 - Cannot read IP mode file for STMicroelectronics.X-CUBE-AZRTOS-H7.3.3.0
2025-03-25 12:00:31,720 [WARN] ConditionMgr:438 - getConditionDescription Invalid condition id : UX DEVICE CLASS RTOS Condition cause : null
2025-03-25 12:00:31,720 [WARN] ConditionMgr:438 - getConditionDescription Invalid condition id : UX DEVICE CLASS RTOS Condition cause : null
2025-03-25 12:00:31,722 [WARN] PackLoader:240 - Cannot read IP mode file for STMicroelectronics.X-CUBE-AZRTOS-WB.2.0.0
2025-03-25 12:00:31,723 [WARN] ConditionMgr:1044 - genDependencies : Invalid condition id : UX DEVICE CLASS RTOS Condition cause : null
2025-03-25 12:00:31,723 [WARN] ConditionMgr:1044 - genDependencies : Invalid condition id : UX DEVICE CLASS RTOS Condition cause : null
2025-03-25 12:00:31,723 [WARN] ConditionMgr:1044 - genDependencies : Invalid condition id : UX DEVICE CLASS RTOS Condition cause : null
2025-03-25 12:00:31,724 [WARN] ConditionMgr:1044 - genDependencies : Invalid condition id : UX DEVICE CLASS RTOS Condition cause : null
2025-03-25 12:00:31,724 [WARN] ConditionMgr:1044 - genDependencies : Invalid condition id : UX DEVICE CLASS RTOS Condition cause : null
2025-03-25 12:00:31,731 [WARN] PackLoader:240 - Cannot read IP mode file for STMicroelectronics.X-CUBE-GNSS1.7.0.1
2025-03-25 12:00:31,741 [WARN] PackLoader:240 - Cannot read IP mode file for STMicroelectronics.X-CUBE-TOUCHGFX.4.25.0
2025-03-25 12:00:31,751 [WARN] PackLoader:240 - Cannot read IP mode file for STMicroelectronics.FP-SNS-STBOX1.2.0.0
2025-03-25 12:00:31,793 [WARN] PackLoader:240 - Cannot read IP mode file for STMicroelectronics.X-CUBE-MEMS1.8.2.0
2025-03-25 12:00:31,981 [WARN] PackLoader:240 - Cannot read IP mode file for STMicroelectronics.X-CUBE-SUBG2.5.0.0
2025-03-25 12:00:32,005 [WARN] PackLoader:240 - Cannot read IP mode file for STMicroelectronics.X-CUBE-AZRTOS-H7RS.1.1.0
2025-03-25 12:00:32,014 [WARN] PackLoader:240 - Cannot read IP mode file for Cesanta.I-CUBE-Mongoose.7.13.0
2025-03-25 12:00:32,027 [WARN] PackLoader:240 - Cannot read IP mode file for STMicroelectronics.X-CUBE-AZRTOS-G4.2.0.0
2025-03-25 12:00:32,033 [WARN] PackLoader:240 - Cannot read IP mode file for wolfSSL.I-CUBE-wolfSSH.1.4.20
2025-03-25 12:00:32,044 [WARN] PackLoader:240 - Cannot read IP mode file for STMicroelectronics.X-CUBE-IPS.3.1.0
2025-03-25 12:00:32,057 [WARN] PackLoader:240 - Cannot read IP mode file for STMicroelectronics.X-CUBE-ALS.1.0.2
2025-03-25 12:00:32,061 [WARN] PackLoader:240 - Cannot read IP mode file for STMicroelectronics.X-CUBE-TOUCHGFX.4.24.2
2025-03-25 12:00:32,064 [WARN] PackLoader:240 - Cannot read IP mode file for wolfSSL.I-CUBE-wolfTPM.3.4.0
2025-03-25 12:00:32,071 [WARN] PackLoader:240 - Cannot read IP mode file for portGmbH.I-Cube-SoM-uGOAL.1.1.0
2025-03-25 12:00:32,121 [WARN] PackLoader:240 - Cannot read IP mode file for STMicroelectronics.X-CUBE-MEMS1.8.3.0
2025-03-25 12:00:32,177 [INFO] WebApp:221 - Starting web application
2025-03-25 12:00:32,177 [INFO] WebApp:579 - Web application path used C:\ST\STM32CubeIDE_1.17.0\STM32CubeIDE\plugins\com.st.stm32cube.common.mx_6.13.0.202411220809\db\plugins\mcufinder\reactClient1\index.html
2025-03-25 12:00:32,375 [WARN] PackLoader:240 - Cannot read IP mode file for STMicroelectronics.X-CUBE-AZRTOS-H7RS.1.0.0
2025-03-25 12:00:32,393 [WARN] PackLoader:240 - Cannot read IP mode file for STMicroelectronics.X-CUBE-TOF1.3.4.2
2025-03-25 12:00:32,409 [WARN] PackLoader:240 - Cannot read IP mode file for wolfSSL.I-CUBE-wolfSSH.1.4.17
2025-03-25 12:00:32,410 [INFO] ThirdParty:978 - Integrity check success = true
2025-03-25 12:00:32,410 [INFO] IntegrityCheckThread:100 - exiting critical section [integrity check]
2025-03-25 12:00:32,410 [INFO] IntegrityCheckThread:103 - End integrity checks thread
2025-03-25 12:00:32,460 [INFO] UserAuth:486 - Internet connection configuration mode: 1
2025-03-25 12:12:05,460 [ERROR] ConfigurationRetriever:142 - IOException on connection: Read timed out
2025-03-25 12:44:16,721 [ERROR] ConfigurationRetriever:142 - IOException on connection: Read timed out
2025-03-25 12:44:39,036 [ERROR] ConfigurationRetriever:142 - IOException on connection: Read timed out
2025-03-25 13:07:15,352 [INFO] Activator:176 - 


2025-03-25 13:07:15,354 [INFO] Activator:177 - !SESSION log4j initialized
2025-03-25 13:07:19,914 [INFO] LogOutputStream:77 - [STDOUT_REDIRECT] 
2025-03-25 13:07:21,332 [ERROR] ConfigurationRetriever:142 - IOException on connection: The server selected protocol version TLS10 is not accepted by client preferences [TLS12]
2025-03-25 13:07:21,415 [ERROR] ConfigurationRetriever:142 - IOException on connection: The server selected protocol version TLS10 is not accepted by client preferences [TLS12]
2025-03-25 13:07:21,428 [ERROR] ConfigurationRetriever:142 - IOException on connection: The server selected protocol version TLS10 is not accepted by client preferences [TLS12]
2025-03-25 13:07:21,513 [INFO] ApplicationProperties:184 - Using Application install path: C:\ST\STM32CubeIDE_1.17.0\STM32CubeIDE\plugins\com.st.stm32cube.common.mx_6.13.0.202411220809
2025-03-25 13:07:21,530 [INFO] DbMcusXml:78 - Set database path to: C:\ST\STM32CubeIDE_1.17.0\STM32CubeIDE\plugins\com.st.stm32cube.common.mx_6.13.0.202411220809\\db\/mcu/
2025-03-25 13:07:21,530 [INFO] ApiDb:274 - Set plugin database path to: C:\ST\STM32CubeIDE_1.17.0\STM32CubeIDE\plugins\com.st.stm32cube.common.mx_6.13.0.202411220809\\db\/plugins/boardmanager/
2025-03-25 13:07:21,530 [WARN] ApiDb:259 - Overriding images path with different value:  => C:\ST\STM32CubeIDE_1.17.0\STM32CubeIDE\plugins\com.st.stm32cube.common.mx_6.13.0.202411220809\\db\/plugins/mcufinder/images/
2025-03-25 13:07:21,537 [INFO] ApiDb:250 - Set database path to: C:\Users\ALEYNA\.stmcufinder\plugins\mcufinder//mcu/
2025-03-25 13:07:21,538 [INFO] DbMcusAds:125 - Set database path to: C:\Users\ALEYNA\.stmcufinder\plugins\mcufinder//mcu/
2025-03-25 13:07:21,540 [INFO] CrossReferenceDbSqlite:203 - Set database path to: C:\Users\ALEYNA\.stmcufinder\plugins\mcufinder//mcu/cs/
2025-03-25 13:07:21,630 [INFO] RulesReader:64 - Compatibility file has been processed (297 Rules)
2025-03-25 13:07:21,696 [INFO] DbMcusXml:78 - Set database path to: C:\ST\STM32CubeIDE_1.17.0\STM32CubeIDE\plugins\com.st.stm32cube.common.mx_6.13.0.202411220809\\db\/mcu/
2025-03-25 13:07:21,696 [INFO] ApiDb:274 - Set plugin database path to: C:\ST\STM32CubeIDE_1.17.0\STM32CubeIDE\plugins\com.st.stm32cube.common.mx_6.13.0.202411220809\\db\/plugins/boardmanager/
2025-03-25 13:07:21,696 [INFO] ApiDb:261 - Set plugin images path to: C:\ST\STM32CubeIDE_1.17.0\STM32CubeIDE\plugins\com.st.stm32cube.common.mx_6.13.0.202411220809\\db\/plugins/mcufinder/images/
2025-03-25 13:07:21,697 [WARN] DbFile:41 - Overriding database path with different value: C:\Users\ALEYNA\.stmcufinder\plugins\mcufinder/ => C:\Users\ALEYNA\.stmcufinder\plugins\mcufinder
2025-03-25 13:07:21,697 [INFO] ApiDb:250 - Set database path to: C:\Users\ALEYNA\.stmcufinder\plugins\mcufinder//mcu/
2025-03-25 13:07:21,697 [WARN] DbFile:41 - Overriding database path with different value: C:\Users\ALEYNA\.stmcufinder\plugins\mcufinder/ => C:\Users\ALEYNA\.stmcufinder\plugins\mcufinder
2025-03-25 13:07:21,697 [INFO] DbMcusAds:125 - Set database path to: C:\Users\ALEYNA\.stmcufinder\plugins\mcufinder//mcu/
2025-03-25 13:07:21,697 [WARN] DbFile:41 - Overriding database path with different value: C:\Users\ALEYNA\.stmcufinder\plugins\mcufinder/ => C:\Users\ALEYNA\.stmcufinder\plugins\mcufinder
2025-03-25 13:07:21,697 [WARN] DbFile:41 - Overriding database path with different value: C:\Users\ALEYNA\.stmcufinder\plugins\mcufinder/ => C:\Users\ALEYNA\.stmcufinder\plugins\mcufinder
2025-03-25 13:07:21,697 [INFO] CrossReferenceDbSqlite:203 - Set database path to: C:\Users\ALEYNA\.stmcufinder\plugins\mcufinder//mcu/cs/
2025-03-25 13:07:21,760 [INFO] MainPanel:272 - HeapMemory: 268435456
2025-03-25 13:07:21,875 [INFO] DbMcusXml:78 - Set database path to: C:\ST\STM32CubeIDE_1.17.0\STM32CubeIDE\plugins\com.st.stm32cube.common.mx_6.13.0.202411220809\\db\/mcu/
2025-03-25 13:07:21,875 [INFO] ApiDb:274 - Set plugin database path to: C:\ST\STM32CubeIDE_1.17.0\STM32CubeIDE\plugins\com.st.stm32cube.common.mx_6.13.0.202411220809\\db\/plugins/boardmanager/
2025-03-25 13:07:21,875 [INFO] ApiDb:261 - Set plugin images path to: C:\ST\STM32CubeIDE_1.17.0\STM32CubeIDE\plugins\com.st.stm32cube.common.mx_6.13.0.202411220809\\db\/plugins/mcufinder/images/
2025-03-25 13:07:21,875 [WARN] DbFile:41 - Overriding database path with different value: C:\Users\ALEYNA\.stmcufinder\plugins\mcufinder/ => C:\Users\ALEYNA\.stmcufinder\plugins\mcufinder
2025-03-25 13:07:21,876 [INFO] ApiDb:250 - Set database path to: C:\Users\ALEYNA\.stmcufinder\plugins\mcufinder//mcu/
2025-03-25 13:07:21,876 [WARN] DbFile:41 - Overriding database path with different value: C:\Users\ALEYNA\.stmcufinder\plugins\mcufinder/ => C:\Users\ALEYNA\.stmcufinder\plugins\mcufinder
2025-03-25 13:07:21,876 [INFO] DbMcusAds:125 - Set database path to: C:\Users\ALEYNA\.stmcufinder\plugins\mcufinder//mcu/
2025-03-25 13:07:21,876 [WARN] DbFile:41 - Overriding database path with different value: C:\Users\ALEYNA\.stmcufinder\plugins\mcufinder/ => C:\Users\ALEYNA\.stmcufinder\plugins\mcufinder
2025-03-25 13:07:21,876 [WARN] DbFile:41 - Overriding database path with different value: C:\Users\ALEYNA\.stmcufinder\plugins\mcufinder/ => C:\Users\ALEYNA\.stmcufinder\plugins\mcufinder
2025-03-25 13:07:21,876 [INFO] CrossReferenceDbSqlite:203 - Set database path to: C:\Users\ALEYNA\.stmcufinder\plugins\mcufinder//mcu/cs/
2025-03-25 13:07:21,890 [INFO] ApplicationProperties:184 - Using Application install path: C:\ST\STM32CubeIDE_1.17.0\STM32CubeIDE\plugins\com.st.stm32cube.common.mx_6.13.0.202411220809
2025-03-25 13:07:21,892 [INFO] PluginManage:196 - Search for loadable plugins [exclusion list=, ]
2025-03-25 13:07:21,893 [INFO] PluginManage:310 - Check plugin analytics
2025-03-25 13:07:22,051 [INFO] AnalyticsPlugin:253 - Accepted Software Licenses: STM32CubeMX.6.13.0
2025-03-25 13:07:22,051 [INFO] AnalyticsPlugin:255 - Accepted CMSIS Pack Licenses: STMicroelectronics.X-CUBE-MEMS1.8.3.0,STMicroelectronics.X-CUBE-MEMS1.8.2.0
2025-03-25 13:07:22,052 [INFO] AnalyticsPlugin:257 - Accepted Firmware Licenses: FW.WL.1.3.0,FW.WL.1.1.0,FW.WL.1.2.0,FW.F4.1.28.0
2025-03-25 13:07:22,055 [INFO] PluginManage:359 - Loaded plugin analytics (category:tool,tabindex:-1)
2025-03-25 13:07:22,056 [INFO] PluginManage:310 - Check plugin cadmodel
2025-03-25 13:07:22,065 [INFO] CADModel:105 - Init CAD model plugin
2025-03-25 13:07:22,065 [INFO] PluginManage:359 - Loaded plugin cadmodel (category:power,tabindex:5)
2025-03-25 13:07:22,066 [INFO] PluginManage:310 - Check plugin clock
2025-03-25 13:07:22,076 [INFO] PluginManage:359 - Loaded plugin clock (category:base,tabindex:2)
2025-03-25 13:07:22,076 [INFO] PluginManage:310 - Check plugin ddr
2025-03-25 13:07:22,080 [INFO] PluginManage:359 - Loaded plugin ddr (category:tool,tabindex:6)
2025-03-25 13:07:22,080 [INFO] PluginManage:310 - Check plugin filemanager
2025-03-25 13:07:22,102 [ERROR] ConfigurationRetriever:142 - IOException on connection: The server selected protocol version TLS10 is not accepted by client preferences [TLS12]
2025-03-25 13:07:22,110 [ERROR] ConfigurationRetriever:142 - IOException on connection: The server selected protocol version TLS10 is not accepted by client preferences [TLS12]
2025-03-25 13:07:22,124 [ERROR] ConfigurationRetriever:142 - IOException on connection: The server selected protocol version TLS10 is not accepted by client preferences [TLS12]
2025-03-25 13:07:22,229 [INFO] PluginManage:359 - Loaded plugin filemanager (category:base,tabindex:10)
2025-03-25 13:07:22,230 [INFO] PluginManage:310 - Check plugin ipmanager
2025-03-25 13:07:22,236 [INFO] PluginManage:359 - Loaded plugin ipmanager (category:base,tabindex:5)
2025-03-25 13:07:22,236 [INFO] PluginManage:310 - Check plugin lpbam
2025-03-25 13:07:22,244 [INFO] PluginManage:359 - Loaded plugin lpbam (category:base,tabindex:0)
2025-03-25 13:07:22,244 [INFO] PluginManage:310 - Check plugin memorymap
2025-03-25 13:07:22,261 [INFO] PluginManage:359 - Loaded plugin memorymap (category:base,tabindex:4)
2025-03-25 13:07:22,261 [INFO] PluginManage:310 - Check plugin pinoutandconfiguration
2025-03-25 13:07:22,269 [INFO] PluginManage:359 - Loaded plugin pinoutandconfiguration (category:base,tabindex:1)
2025-03-25 13:07:22,270 [INFO] PluginManage:310 - Check plugin pinoutconfig
2025-03-25 13:07:22,360 [WARN] SupportedApi:132 - Cannot load RTOS API schema: s4s-elt-must-match.1: The content of 'definitions' must match (annotation?, (simpleType | complexType)?, (unique | key | keyref)*)). A problem was found starting at: attribute.
2025-03-25 13:07:22,494 [INFO] PluginManage:359 - Loaded plugin pinoutconfig (category:base,tabindex:0)
2025-03-25 13:07:22,494 [INFO] PluginManage:310 - Check plugin power
2025-03-25 13:07:22,505 [INFO] PluginManage:359 - Loaded plugin power (category:power,tabindex:4)
2025-03-25 13:07:22,506 [INFO] PluginManage:310 - Check plugin projectmanager
2025-03-25 13:07:22,530 [INFO] PluginManage:359 - Loaded plugin projectmanager (category:projectmanager,tabindex:4)
2025-03-25 13:07:22,530 [INFO] PluginManage:310 - Check plugin rif
2025-03-25 13:07:22,539 [INFO] PluginManage:359 - Loaded plugin rif (category:base,tabindex:3)
2025-03-25 13:07:22,539 [INFO] PluginManage:310 - Check plugin thirdparty
2025-03-25 13:07:22,674 [INFO] PluginManage:359 - Loaded plugin thirdparty (category:base,tabindex:-1)
2025-03-25 13:07:22,674 [WARN] IntegrityCheckThread:84 - waiting for thirdparty lock release [integrity check]
2025-03-25 13:07:22,675 [INFO] PluginManage:310 - Check plugin tools
2025-03-25 13:07:22,675 [INFO] IntegrityCheckThread:86 - entering critical section [integrity check]
2025-03-25 13:07:22,675 [INFO] ThirdPartyUpdaterWithRetryManager:70 - Updater plugin not ready yet. [1/15]
2025-03-25 13:07:22,677 [INFO] PluginManage:359 - Loaded plugin tools (category:base,tabindex:7)
2025-03-25 13:07:22,677 [INFO] PluginManage:310 - Check plugin tutovideos
2025-03-25 13:07:22,844 [INFO] PluginManage:359 - Loaded plugin tutovideos (category:base,tabindex:-1)
2025-03-25 13:07:22,845 [INFO] PluginManage:310 - Check plugin updater
2025-03-25 13:07:22,864 [INFO] PluginManage:359 - Loaded plugin updater (category:base,tabindex:12)
2025-03-25 13:07:22,865 [INFO] PluginManage:310 - Check plugin userauth
2025-03-25 13:07:22,868 [INFO] UserAuth:118 - Init User Auth plugin
2025-03-25 13:07:22,869 [INFO] PluginManage:359 - Loaded plugin userauth (category:base,tabindex:14)
2025-03-25 13:07:22,869 [INFO] PluginManage:283 - PluginManage : Loaded plugins [18]
2025-03-25 13:07:23,044 [INFO] PinOutPanel:1589 - setPackage(No Configuration,No Configuration)
2025-03-25 13:07:23,120 [INFO] CADModel:165 - CPN selected for project level
2025-03-25 13:07:23,120 [INFO] CADModel:114 - Register for checkConnection events
2025-03-25 13:07:23,138 [INFO] IPUIPlugin:80 - create IPUIPlugin
2025-03-25 13:07:23,138 [INFO] PluginManager:220 - loadIPPluginJar : add adc
2025-03-25 13:07:23,141 [INFO] IPUIPlugin:80 - create IPUIPlugin
2025-03-25 13:07:23,141 [INFO] PluginManager:220 - loadIPPluginJar : add aes
2025-03-25 13:07:23,144 [INFO] IPUIPlugin:80 - create IPUIPlugin
2025-03-25 13:07:23,144 [INFO] PluginManager:220 - loadIPPluginJar : add can
2025-03-25 13:07:23,145 [INFO] IPUIPlugin:80 - create IPUIPlugin
2025-03-25 13:07:23,145 [INFO] PluginManager:220 - loadIPPluginJar : add comp
2025-03-25 13:07:23,147 [INFO] IPUIPlugin:80 - create IPUIPlugin
2025-03-25 13:07:23,147 [INFO] PluginManager:220 - loadIPPluginJar : add cryp
2025-03-25 13:07:23,150 [INFO] IPUIPlugin:80 - create IPUIPlugin
2025-03-25 13:07:23,150 [INFO] PluginManager:220 - loadIPPluginJar : add ddr_ctrl_phy
2025-03-25 13:07:23,152 [INFO] IPUIPlugin:80 - create IPUIPlugin
2025-03-25 13:07:23,152 [INFO] PluginManager:220 - loadIPPluginJar : add dfsdm
2025-03-25 13:07:23,158 [INFO] IPUIPlugin:80 - create IPUIPlugin
2025-03-25 13:07:23,159 [INFO] PluginManager:220 - loadIPPluginJar : add dma
2025-03-25 13:07:23,161 [INFO] IPUIPlugin:80 - create IPUIPlugin
2025-03-25 13:07:23,161 [INFO] PluginManager:220 - loadIPPluginJar : add dma3
2025-03-25 13:07:23,163 [INFO] IPUIPlugin:80 - create IPUIPlugin
2025-03-25 13:07:23,164 [INFO] PluginManager:220 - loadIPPluginJar : add extmemmanager
2025-03-25 13:07:23,165 [INFO] IPUIPlugin:80 - create IPUIPlugin
2025-03-25 13:07:23,166 [INFO] PluginManager:220 - loadIPPluginJar : add fatfs
2025-03-25 13:07:23,169 [INFO] IPUIPlugin:80 - create IPUIPlugin
2025-03-25 13:07:23,169 [INFO] PluginManager:220 - loadIPPluginJar : add fmc
2025-03-25 13:07:23,175 [INFO] IPUIPlugin:80 - create IPUIPlugin
2025-03-25 13:07:23,175 [INFO] PluginManager:220 - loadIPPluginJar : add freertos
2025-03-25 13:07:23,176 [INFO] IPUIPlugin:80 - create IPUIPlugin
2025-03-25 13:07:23,176 [INFO] PluginManager:220 - loadIPPluginJar : add genericplugin
2025-03-25 13:07:23,178 [INFO] IPUIPlugin:80 - create IPUIPlugin
2025-03-25 13:07:23,178 [INFO] PluginManager:220 - loadIPPluginJar : add gfxmmu
2025-03-25 13:07:23,183 [INFO] IPUIPlugin:80 - create IPUIPlugin
2025-03-25 13:07:23,184 [INFO] PluginManager:220 - loadIPPluginJar : add gic
2025-03-25 13:07:23,188 [INFO] IPUIPlugin:80 - create IPUIPlugin
2025-03-25 13:07:23,188 [INFO] PluginManager:220 - loadIPPluginJar : add gpio
2025-03-25 13:07:23,190 [INFO] IPUIPlugin:80 - create IPUIPlugin
2025-03-25 13:07:23,190 [INFO] PluginManager:220 - loadIPPluginJar : add gtzc
2025-03-25 13:07:23,192 [INFO] IPUIPlugin:80 - create IPUIPlugin
2025-03-25 13:07:23,192 [INFO] PluginManager:220 - loadIPPluginJar : add hash
2025-03-25 13:07:23,194 [INFO] IPUIPlugin:80 - create IPUIPlugin
2025-03-25 13:07:23,194 [INFO] PluginManager:220 - loadIPPluginJar : add i2c
2025-03-25 13:07:23,196 [INFO] IPUIPlugin:80 - create IPUIPlugin
2025-03-25 13:07:23,196 [INFO] PluginManager:220 - loadIPPluginJar : add i2s
2025-03-25 13:07:23,199 [INFO] IPUIPlugin:80 - create IPUIPlugin
2025-03-25 13:07:23,199 [INFO] PluginManager:220 - loadIPPluginJar : add i3c
2025-03-25 13:07:23,201 [INFO] IPUIPlugin:80 - create IPUIPlugin
2025-03-25 13:07:23,201 [INFO] PluginManager:220 - loadIPPluginJar : add ipddr
2025-03-25 13:07:23,209 [INFO] IPUIPlugin:80 - create IPUIPlugin
2025-03-25 13:07:23,209 [INFO] PluginManager:220 - loadIPPluginJar : add linkedlist
2025-03-25 13:07:23,211 [INFO] IPUIPlugin:80 - create IPUIPlugin
2025-03-25 13:07:23,211 [INFO] PluginManager:220 - loadIPPluginJar : add lorawan
2025-03-25 13:07:23,212 [INFO] IPUIPlugin:80 - create IPUIPlugin
2025-03-25 13:07:23,213 [INFO] PluginManager:220 - loadIPPluginJar : add ltdc
2025-03-25 13:07:23,218 [INFO] IPUIPlugin:80 - create IPUIPlugin
2025-03-25 13:07:23,219 [INFO] PluginManager:220 - loadIPPluginJar : add mdma
2025-03-25 13:07:23,222 [INFO] IPUIPlugin:80 - create IPUIPlugin
2025-03-25 13:07:23,222 [INFO] PluginManager:220 - loadIPPluginJar : add nvic
2025-03-25 13:07:23,224 [INFO] IPUIPlugin:80 - create IPUIPlugin
2025-03-25 13:07:23,224 [INFO] PluginManager:220 - loadIPPluginJar : add opamp
2025-03-25 13:07:23,227 [INFO] IPUIPlugin:80 - create IPUIPlugin
2025-03-25 13:07:23,227 [INFO] PluginManager:220 - loadIPPluginJar : add openamp
2025-03-25 13:07:23,230 [INFO] IPUIPlugin:80 - create IPUIPlugin
2025-03-25 13:07:23,230 [INFO] PluginManager:220 - loadIPPluginJar : add pdm2pcm
2025-03-25 13:07:23,235 [INFO] IPUIPlugin:80 - create IPUIPlugin
2025-03-25 13:07:23,237 [INFO] PluginManager:220 - loadIPPluginJar : add plateformsettings
2025-03-25 13:07:23,238 [INFO] IPUIPlugin:80 - create IPUIPlugin
2025-03-25 13:07:23,238 [INFO] PluginManager:220 - loadIPPluginJar : add quadspi
2025-03-25 13:07:23,240 [INFO] IPUIPlugin:80 - create IPUIPlugin
2025-03-25 13:07:23,240 [INFO] PluginManager:220 - loadIPPluginJar : add radio
2025-03-25 13:07:23,244 [INFO] IPUIPlugin:80 - create IPUIPlugin
2025-03-25 13:07:23,244 [INFO] PluginManager:220 - loadIPPluginJar : add resmgrutility
2025-03-25 13:07:23,246 [INFO] IPUIPlugin:80 - create IPUIPlugin
2025-03-25 13:07:23,246 [INFO] PluginManager:220 - loadIPPluginJar : add sai
2025-03-25 13:07:23,248 [INFO] IPUIPlugin:80 - create IPUIPlugin
2025-03-25 13:07:23,248 [INFO] PluginManager:220 - loadIPPluginJar : add spi
2025-03-25 13:07:23,253 [INFO] IPUIPlugin:80 - create IPUIPlugin
2025-03-25 13:07:23,253 [INFO] PluginManager:220 - loadIPPluginJar : add stm32_wpan
2025-03-25 13:07:23,254 [INFO] IPUIPlugin:80 - create IPUIPlugin
2025-03-25 13:07:23,254 [INFO] PluginManager:220 - loadIPPluginJar : add tim
2025-03-25 13:07:23,257 [INFO] IPUIPlugin:80 - create IPUIPlugin
2025-03-25 13:07:23,257 [INFO] PluginManager:220 - loadIPPluginJar : add touchsensing
2025-03-25 13:07:23,258 [INFO] IPUIPlugin:80 - create IPUIPlugin
2025-03-25 13:07:23,258 [INFO] PluginManager:220 - loadIPPluginJar : add tracer_emb
2025-03-25 13:07:23,260 [INFO] IPUIPlugin:80 - create IPUIPlugin
2025-03-25 13:07:23,260 [INFO] PluginManager:220 - loadIPPluginJar : add ts
2025-03-25 13:07:23,261 [INFO] IPUIPlugin:80 - create IPUIPlugin
2025-03-25 13:07:23,262 [INFO] PluginManager:220 - loadIPPluginJar : add tsc
2025-03-25 13:07:23,263 [INFO] IPUIPlugin:80 - create IPUIPlugin
2025-03-25 13:07:23,263 [INFO] PluginManager:220 - loadIPPluginJar : add ucpd
2025-03-25 13:07:23,266 [INFO] IPUIPlugin:80 - create IPUIPlugin
2025-03-25 13:07:23,266 [INFO] PluginManager:220 - loadIPPluginJar : add usart
2025-03-25 13:07:23,268 [INFO] IPUIPlugin:80 - create IPUIPlugin
2025-03-25 13:07:23,268 [INFO] PluginManager:220 - loadIPPluginJar : add usbx
2025-03-25 13:07:23,385 [FATAL] Updater:351 - Updater called before beeing initialized
2025-03-25 13:07:23,410 [INFO] RulesReader:64 - Compatibility file has been processed (297 Rules)
2025-03-25 13:07:23,419 [INFO] RulesReader:64 - Compatibility file has been processed (297 Rules)
2025-03-25 13:07:23,426 [INFO] CADModel:165 - CPN selected for project level
2025-03-25 13:07:23,426 [INFO] CADModel:114 - Register for checkConnection events
2025-03-25 13:07:23,426 [FATAL] Updater:351 - Updater called before beeing initialized
2025-03-25 13:07:23,426 [ERROR] CADModel:125 - Updater not yet initialized, retry later 
2025-03-25 13:07:23,600 [FATAL] Updater:351 - Updater called before beeing initialized
2025-03-25 13:07:23,602 [INFO] CADModel:165 - CPN selected for project level
2025-03-25 13:07:23,602 [INFO] CADModel:114 - Register for checkConnection events
2025-03-25 13:07:23,602 [FATAL] Updater:351 - Updater called before beeing initialized
2025-03-25 13:07:23,602 [ERROR] CADModel:125 - Updater not yet initialized, retry later 
2025-03-25 13:07:23,605 [FATAL] Updater:351 - Updater called before beeing initialized
2025-03-25 13:07:23,715 [FATAL] Updater:351 - Updater called before beeing initialized
2025-03-25 13:07:23,720 [INFO] DbMcusAds:53 - JSON generation date=Thu Mar 06 17:54:21 TRT 2025 (1741272861825)
2025-03-25 13:07:23,721 [FATAL] Updater:351 - Updater called before beeing initialized
2025-03-25 13:07:23,765 [WARN] DetailPanel:346 - Failed to get advertising image, set to default
2025-03-25 13:07:23,992 [FATAL] Updater:351 - Updater called before beeing initialized
2025-03-25 13:07:23,994 [FATAL] Updater:351 - Updater called before beeing initialized
2025-03-25 13:07:23,994 [FATAL] Updater:351 - Updater called before beeing initialized
2025-03-25 13:07:23,994 [WARN] DetailPanel:346 - Failed to get advertising image, set to default
2025-03-25 13:07:23,995 [FATAL] Updater:351 - Updater called before beeing initialized
2025-03-25 13:07:24,034 [ERROR] Updater:1198 - MainUpdater not yet initialized. External WinMGr cannot be set.
2025-03-25 13:07:24,036 [INFO] Updater:1134 - Updater Version found : 6.13.0
2025-03-25 13:07:24,051 [INFO] ApplicationProperties:184 - Using Application install path: C:\ST\STM32CubeIDE_1.17.0\STM32CubeIDE\plugins\com.st.stm32cube.common.mx_6.13.0.202411220809
2025-03-25 13:07:24,390 [INFO] MainUpdater:2872 - connection check result : 22
2025-03-25 13:07:24,390 [INFO] MainUpdater:289 - Updater Check For Update Now.
2025-03-25 13:07:24,390 [INFO] MicroXplorer:498 - Change Database Version : DB.6.0.130
2025-03-25 13:07:24,401 [INFO] McuFinderGlobals:63 - Set McuFinder mode to 2 (CubeIDE integrated)
2025-03-25 13:07:24,402 [INFO] UserAuth:486 - Internet connection configuration mode: 2
2025-03-25 13:07:24,410 [INFO] UserAuth:486 - Internet connection configuration mode: 2
2025-03-25 13:07:24,568 [INFO] CheckServerUpdateThread:120 - End of CheckServer Thread
2025-03-25 13:07:25,816 [WARN] PackLoader:240 - Cannot read IP mode file for STMicroelectronics.FP-SNS-MOTENVWB1.1.4.0
2025-03-25 13:07:25,825 [WARN] PackLoader:240 - Cannot read IP mode file for STMicroelectronics.FP-ATR-ASTRA1.2.0.2
2025-03-25 13:07:25,828 [WARN] PackLoader:240 - Cannot read IP mode file for STMicroelectronics.FP-ATR-ASTRA1.2.0.1
2025-03-25 13:07:25,836 [WARN] PackLoader:240 - Cannot read IP mode file for STMicroelectronics.X-CUBE-SMBUS.2.1.0
2025-03-25 13:07:25,842 [WARN] PackLoader:240 - Cannot read IP mode file for STMicroelectronics.X-CUBE-WB05N.1.1.0
2025-03-25 13:07:25,866 [WARN] PackLoader:240 - Cannot read IP mode file for STMicroelectronics.X-CUBE-AZRTOS-F7.1.1.0
2025-03-25 13:07:25,874 [WARN] PackLoader:240 - Cannot read IP mode file for STMicroelectronics.FP-SNS-FLIGHT1.5.0.2
2025-03-25 13:07:25,895 [WARN] PackLoader:240 - Cannot read IP mode file for Infineon.AIROC-Wi-Fi-Bluetooth-STM32.1.7.0
2025-03-25 13:07:25,907 [WARN] PackLoader:240 - Cannot read IP mode file for STMicroelectronics.X-CUBE-DISPLAY.3.0.0
2025-03-25 13:07:25,917 [WARN] PackLoader:240 - Cannot read IP mode file for STMicroelectronics.X-CUBE-BLE1.7.0.0
2025-03-25 13:07:25,922 [WARN] PackLoader:240 - Cannot read IP mode file for STMicroelectronics.X-CUBE-NFC10.1.0.0
2025-03-25 13:07:25,932 [WARN] PackLoader:240 - Cannot read IP mode file for STMicroelectronics.X-CUBE-BLEMGR.4.0.0
2025-03-25 13:07:25,939 [WARN] PackLoader:240 - Cannot read IP mode file for emotas.I-CUBE-CANOPEN.1.3.0
2025-03-25 13:07:25,943 [WARN] PackLoader:240 - Cannot read IP mode file for STMicroelectronics.X-CUBE-AI.10.0.0
2025-03-25 13:07:25,948 [WARN] PackLoader:240 - Cannot read IP mode file for STMicroelectronics.FP-SNS-SMARTAG2.1.2.0
2025-03-25 13:07:25,951 [WARN] PackLoader:240 - Cannot read IP mode file for STMicroelectronics.FP-SNS-FLIGHT1.5.1.0
2025-03-25 13:07:25,997 [WARN] PackLoader:240 - Cannot read IP mode file for STMicroelectronics.X-CUBE-MEMS1.11.1.0
2025-03-25 13:07:26,315 [INFO] LogOutputStream:77 - [STDOUT_REDIRECT] 1 : Invalid condition id : UX_CORESTACK_Condition cause : null
2025-03-25 13:07:26,316 [INFO] LogOutputStream:77 - [STDOUT_REDIRECT] 1 : Invalid condition id : UX_CORESTACK_Condition cause : null
2025-03-25 13:07:26,317 [INFO] LogOutputStream:77 - [STDOUT_REDIRECT] 1 : Invalid condition id : UX_CORESTACK_Condition cause : null
2025-03-25 13:07:26,318 [INFO] LogOutputStream:77 - [STDOUT_REDIRECT] 1 : Invalid condition id : UX_CORESTACK_Condition cause : null
2025-03-25 13:07:26,320 [INFO] LogOutputStream:77 - [STDOUT_REDIRECT] 1 : Invalid condition id : UX_CORESTACK_Condition cause : null
2025-03-25 13:07:26,322 [WARN] PackLoader:240 - Cannot read IP mode file for STMicroelectronics.X-CUBE-AZRTOS-WL.2.0.0
2025-03-25 13:07:26,327 [WARN] PackLoader:240 - Cannot read IP mode file for STMicroelectronics.FP-SNS-MOTENV1.5.0.0
2025-03-25 13:07:26,331 [WARN] PackLoader:240 - Cannot read IP mode file for wolfSSL.I-CUBE-wolfMQTT.1.19.0
2025-03-25 13:07:26,337 [WARN] PackLoader:240 - Cannot read IP mode file for WES.I-CUBE-Cesium.1.3.0
2025-03-25 13:07:26,341 [WARN] PackLoader:240 - Cannot read IP mode file for STMicroelectronics.X-CUBE-BLE2.3.3.0
2025-03-25 13:07:26,347 [WARN] PackLoader:240 - Cannot read IP mode file for STMicroelectronics.X-CUBE-NFC9.1.0.0
2025-03-25 13:07:26,351 [WARN] PackLoader:240 - Cannot read IP mode file for STMicroelectronics.X-CUBE-BLE1.7.1.0
2025-03-25 13:07:26,354 [WARN] PackLoader:240 - Cannot read IP mode file for wolfSSL.I-CUBE-wolfMQTT.1.19.2
2025-03-25 13:07:26,368 [WARN] PackLoader:240 - Cannot read IP mode file for STMicroelectronics.X-CUBE-AZRTOS-G0.1.1.0
2025-03-25 13:07:26,374 [WARN] PackLoader:240 - Cannot read IP mode file for STMicroelectronics.X-CUBE-SAFEA1.1.2.2
2025-03-25 13:07:26,380 [WARN] PackLoader:240 - Cannot read IP mode file for STMicroelectronics.X-CUBE-NFC4.3.0.0
2025-03-25 13:07:26,386 [WARN] PackLoader:240 - Cannot read IP mode file for EmbeddedOffice.I-CUBE-FS-RTOS.1.0.1
2025-03-25 13:07:26,391 [WARN] PackLoader:240 - Cannot read IP mode file for wolfSSL.I-CUBE-wolfTPM.3.8.0
2025-03-25 13:07:26,395 [WARN] PackLoader:240 - Cannot read IP mode file for STMicroelectronics.X-CUBE-TCPP.4.2.0
2025-03-25 13:07:26,402 [WARN] PackLoader:240 - Cannot read IP mode file for RealThread.X-CUBE-RT-Thread_Nano.4.1.1
2025-03-25 13:07:26,406 [WARN] PackLoader:240 - Cannot read IP mode file for STMicroelectronics.FP-ATR-SIGFOX1.3.2.0
2025-03-25 13:07:26,410 [WARN] ConditionMgr:438 - getConditionDescription Invalid condition id : Cortex-A Device cause : null
2025-03-25 13:07:26,418 [WARN] ConditionMgr:1044 - genDependencies : Invalid condition id : Cortex-A Device cause : null
2025-03-25 13:07:26,418 [WARN] ConditionMgr:1044 - genDependencies : Invalid condition id : Cortex-A Device cause : null
2025-03-25 13:07:26,419 [WARN] ConditionMgr:1044 - genDependencies : Invalid condition id : Cortex-A Device cause : null
2025-03-25 13:07:26,425 [WARN] PackLoader:240 - Cannot read IP mode file for STMicroelectronics.X-CUBE-EEPRMA1.5.1.0
2025-03-25 13:07:26,430 [WARN] PackLoader:240 - Cannot read IP mode file for wolfSSL.I-CUBE-wolfSSL.5.7.4
2025-03-25 13:07:26,433 [WARN] PackLoader:240 - Cannot read IP mode file for wolfSSL.I-CUBE-wolfSSL.5.7.6
2025-03-25 13:07:26,438 [WARN] PackLoader:240 - Cannot read IP mode file for ITTIA_DB.I-CUBE-ITTIADB.8.9.0
2025-03-25 13:07:26,457 [WARN] PackLoader:240 - Cannot read IP mode file for SEGGER.I-CUBE-embOS.1.3.1
2025-03-25 13:07:26,489 [WARN] PackLoader:240 - Cannot read IP mode file for STMicroelectronics.X-CUBE-ALGOBUILD.1.4.0
2025-03-25 13:07:26,493 [WARN] PackLoader:240 - Cannot read IP mode file for STMicroelectronics.X-CUBE-AI.9.1.0
2025-03-25 13:07:26,512 [WARN] PackLoader:240 - Cannot read IP mode file for STMicroelectronics.X-CUBE-AZRTOS-F4.1.1.0
2025-03-25 13:07:26,523 [WARN] PackLoader:240 - Cannot read IP mode file for STMicroelectronics.X-CUBE-ISPU.2.1.0
2025-03-25 13:07:26,542 [WARN] PackLoader:240 - Cannot read IP mode file for STMicroelectronics.X-CUBE-AZRTOS-L5.2.0.0
2025-03-25 13:07:26,555 [WARN] PackLoader:240 - Cannot read IP mode file for STMicroelectronics.X-CUBE-NFC6.3.1.0
2025-03-25 13:07:26,565 [WARN] PackLoader:240 - Cannot read IP mode file for STMicroelectronics.X-CUBE-DPower.1.2.0
2025-03-25 13:07:26,593 [WARN] PackLoader:240 - Cannot read IP mode file for STMicroelectronics.X-CUBE-FREERTOS.1.3.0
2025-03-25 13:07:26,603 [WARN] PackLoader:240 - Cannot read IP mode file for STMicroelectronics.X-CUBE-NFC7.1.0.1
2025-03-25 13:07:26,624 [WARN] ConditionMgr:438 - getConditionDescription Invalid condition id : LAN8742 Phy interface Condition cause : null
2025-03-25 13:07:26,625 [WARN] PackLoader:240 - Cannot read IP mode file for STMicroelectronics.X-CUBE-AZRTOS-L4.2.0.0
2025-03-25 13:07:26,626 [WARN] ConditionMgr:1044 - genDependencies : Invalid condition id : LAN8742 Phy interface Condition cause : null
2025-03-25 13:07:26,628 [WARN] ConditionMgr:1044 - genDependencies : Invalid condition id : LAN8742 Phy interface Condition cause : null
2025-03-25 13:07:26,629 [WARN] ConditionMgr:1044 - genDependencies : Invalid condition id : LAN8742 Phy interface Condition cause : null
2025-03-25 13:07:26,639 [WARN] PackLoader:240 - Cannot read IP mode file for STMicroelectronics.X-CUBE-SFXS2LP1.4.0.0
2025-03-25 13:07:26,662 [WARN] PackLoader:240 - Cannot read IP mode file for STMicroelectronics.X-CUBE-AZRTOS-H7.3.3.0
2025-03-25 13:07:26,681 [WARN] ConditionMgr:438 - getConditionDescription Invalid condition id : UX DEVICE CLASS RTOS Condition cause : null
2025-03-25 13:07:26,681 [WARN] ConditionMgr:438 - getConditionDescription Invalid condition id : UX DEVICE CLASS RTOS Condition cause : null
2025-03-25 13:07:26,683 [WARN] PackLoader:240 - Cannot read IP mode file for STMicroelectronics.X-CUBE-AZRTOS-WB.2.0.0
2025-03-25 13:07:26,684 [WARN] ConditionMgr:1044 - genDependencies : Invalid condition id : UX DEVICE CLASS RTOS Condition cause : null
2025-03-25 13:07:26,684 [WARN] ConditionMgr:1044 - genDependencies : Invalid condition id : UX DEVICE CLASS RTOS Condition cause : null
2025-03-25 13:07:26,685 [WARN] ConditionMgr:1044 - genDependencies : Invalid condition id : UX DEVICE CLASS RTOS Condition cause : null
2025-03-25 13:07:26,685 [WARN] ConditionMgr:1044 - genDependencies : Invalid condition id : UX DEVICE CLASS RTOS Condition cause : null
2025-03-25 13:07:26,685 [WARN] ConditionMgr:1044 - genDependencies : Invalid condition id : UX DEVICE CLASS RTOS Condition cause : null
2025-03-25 13:07:26,689 [WARN] PackLoader:240 - Cannot read IP mode file for STMicroelectronics.X-CUBE-GNSS1.7.0.1
2025-03-25 13:07:26,702 [WARN] PackLoader:240 - Cannot read IP mode file for STMicroelectronics.X-CUBE-TOUCHGFX.4.25.0
2025-03-25 13:07:26,707 [WARN] PackLoader:240 - Cannot read IP mode file for STMicroelectronics.FP-SNS-STBOX1.2.0.0
2025-03-25 13:07:26,734 [WARN] PackLoader:240 - Cannot read IP mode file for STMicroelectronics.X-CUBE-MEMS1.8.2.0
2025-03-25 13:07:26,885 [WARN] PackLoader:240 - Cannot read IP mode file for STMicroelectronics.X-CUBE-SUBG2.5.0.0
2025-03-25 13:07:26,910 [WARN] PackLoader:240 - Cannot read IP mode file for STMicroelectronics.X-CUBE-AZRTOS-H7RS.1.1.0
2025-03-25 13:07:26,918 [WARN] PackLoader:240 - Cannot read IP mode file for Cesanta.I-CUBE-Mongoose.7.13.0
2025-03-25 13:07:26,930 [WARN] PackLoader:240 - Cannot read IP mode file for STMicroelectronics.X-CUBE-AZRTOS-G4.2.0.0
2025-03-25 13:07:26,936 [WARN] PackLoader:240 - Cannot read IP mode file for wolfSSL.I-CUBE-wolfSSH.1.4.20
2025-03-25 13:07:26,946 [WARN] PackLoader:240 - Cannot read IP mode file for STMicroelectronics.X-CUBE-IPS.3.1.0
2025-03-25 13:07:26,956 [WARN] PackLoader:240 - Cannot read IP mode file for STMicroelectronics.X-CUBE-ALS.1.0.2
2025-03-25 13:07:26,960 [WARN] PackLoader:240 - Cannot read IP mode file for STMicroelectronics.X-CUBE-TOUCHGFX.4.24.2
2025-03-25 13:07:26,963 [WARN] PackLoader:240 - Cannot read IP mode file for wolfSSL.I-CUBE-wolfTPM.3.4.0
2025-03-25 13:07:26,968 [WARN] PackLoader:240 - Cannot read IP mode file for portGmbH.I-Cube-SoM-uGOAL.1.1.0
2025-03-25 13:07:27,001 [WARN] PackLoader:240 - Cannot read IP mode file for STMicroelectronics.X-CUBE-MEMS1.8.3.0
2025-03-25 13:07:27,145 [WARN] PackLoader:240 - Cannot read IP mode file for STMicroelectronics.X-CUBE-AZRTOS-H7RS.1.0.0
2025-03-25 13:07:27,156 [WARN] PackLoader:240 - Cannot read IP mode file for STMicroelectronics.X-CUBE-TOF1.3.4.2
2025-03-25 13:07:27,165 [WARN] PackLoader:240 - Cannot read IP mode file for wolfSSL.I-CUBE-wolfSSH.1.4.17
2025-03-25 13:07:27,166 [INFO] ThirdParty:978 - Integrity check success = true
2025-03-25 13:07:27,166 [INFO] IntegrityCheckThread:100 - exiting critical section [integrity check]
2025-03-25 13:07:27,166 [INFO] IntegrityCheckThread:103 - End integrity checks thread
2025-03-25 13:08:00,479 [ERROR] ConfigurationRetriever:142 - IOException on connection: The server selected protocol version TLS10 is not accepted by client preferences [TLS12]
2025-03-25 13:08:00,488 [ERROR] ConfigurationRetriever:142 - IOException on connection: The server selected protocol version TLS10 is not accepted by client preferences [TLS12]
2025-03-25 13:08:00,499 [ERROR] ConfigurationRetriever:142 - IOException on connection: The server selected protocol version TLS10 is not accepted by client preferences [TLS12]
2025-03-25 13:08:48,701 [ERROR] ConfigurationRetriever:142 - IOException on connection: The server selected protocol version TLS10 is not accepted by client preferences [TLS12]
2025-03-25 13:08:48,711 [ERROR] ConfigurationRetriever:142 - IOException on connection: The server selected protocol version TLS10 is not accepted by client preferences [TLS12]
2025-03-25 13:08:48,719 [ERROR] ConfigurationRetriever:142 - IOException on connection: The server selected protocol version TLS10 is not accepted by client preferences [TLS12]
2025-03-25 13:16:48,530 [ERROR] ConfigurationRetriever:142 - IOException on connection: The server selected protocol version TLS10 is not accepted by client preferences [TLS12]
2025-03-25 13:16:48,544 [ERROR] ConfigurationRetriever:142 - IOException on connection: The server selected protocol version TLS10 is not accepted by client preferences [TLS12]
2025-03-25 13:16:48,553 [ERROR] ConfigurationRetriever:142 - IOException on connection: The server selected protocol version TLS10 is not accepted by client preferences [TLS12]
2025-03-25 13:17:40,422 [ERROR] ConfigurationRetriever:142 - IOException on connection: The server selected protocol version TLS10 is not accepted by client preferences [TLS12]
2025-03-25 13:17:40,431 [ERROR] ConfigurationRetriever:142 - IOException on connection: The server selected protocol version TLS10 is not accepted by client preferences [TLS12]
2025-03-25 13:17:40,443 [ERROR] ConfigurationRetriever:142 - IOException on connection: The server selected protocol version TLS10 is not accepted by client preferences [TLS12]
2025-03-25 13:21:09,373 [ERROR] ConfigurationRetriever:142 - IOException on connection: The server selected protocol version TLS10 is not accepted by client preferences [TLS12]
2025-03-25 13:21:09,378 [ERROR] ConfigurationRetriever:142 - IOException on connection: The server selected protocol version TLS10 is not accepted by client preferences [TLS12]
2025-03-25 13:21:09,385 [ERROR] ConfigurationRetriever:142 - IOException on connection: The server selected protocol version TLS10 is not accepted by client preferences [TLS12]
