2025-03-23 00:04:14,798 [ERROR] LogOutputStream:75 - [STDERR_REDIRECT] 
2025-03-23 00:18:47,327 [INFO] Activator:176 - 


2025-03-23 00:18:47,328 [INFO] Activator:177 - !SESSION log4j initialized
2025-03-23 00:18:51,342 [INFO] LogOutputStream:77 - [STDOUT_REDIRECT] 
2025-03-23 00:18:51,865 [INFO] ApplicationProperties:184 - Using Application install path: C:\ST\STM32CubeIDE_1.17.0\STM32CubeIDE\plugins\com.st.stm32cube.common.mx_6.13.0.202411220809
2025-03-23 00:18:51,875 [INFO] DbMcusXml:78 - Set database path to: C:\ST\STM32CubeIDE_1.17.0\STM32CubeIDE\plugins\com.st.stm32cube.common.mx_6.13.0.202411220809\\db\/mcu/
2025-03-23 00:18:51,876 [INFO] ApiDb:274 - Set plugin database path to: C:\ST\STM32CubeIDE_1.17.0\STM32CubeIDE\plugins\com.st.stm32cube.common.mx_6.13.0.202411220809\\db\/plugins/boardmanager/
2025-03-23 00:18:51,877 [WARN] ApiDb:259 - Overriding images path with different value:  => C:\ST\STM32CubeIDE_1.17.0\STM32CubeIDE\plugins\com.st.stm32cube.common.mx_6.13.0.202411220809\\db\/plugins/mcufinder/images/
2025-03-23 00:18:51,880 [INFO] ApiDb:250 - Set database path to: C:\Users\ALEYNA\.stmcufinder\plugins\mcufinder//mcu/
2025-03-23 00:18:51,880 [INFO] DbMcusAds:125 - Set database path to: C:\Users\ALEYNA\.stmcufinder\plugins\mcufinder//mcu/
2025-03-23 00:18:51,881 [INFO] CrossReferenceDbSqlite:203 - Set database path to: C:\Users\ALEYNA\.stmcufinder\plugins\mcufinder//mcu/cs/
2025-03-23 00:18:51,950 [INFO] RulesReader:64 - Compatibility file has been processed (297 Rules)
2025-03-23 00:18:51,996 [INFO] DbMcusXml:78 - Set database path to: C:\ST\STM32CubeIDE_1.17.0\STM32CubeIDE\plugins\com.st.stm32cube.common.mx_6.13.0.202411220809\\db\/mcu/
2025-03-23 00:18:51,996 [INFO] ApiDb:274 - Set plugin database path to: C:\ST\STM32CubeIDE_1.17.0\STM32CubeIDE\plugins\com.st.stm32cube.common.mx_6.13.0.202411220809\\db\/plugins/boardmanager/
2025-03-23 00:18:51,996 [INFO] ApiDb:261 - Set plugin images path to: C:\ST\STM32CubeIDE_1.17.0\STM32CubeIDE\plugins\com.st.stm32cube.common.mx_6.13.0.202411220809\\db\/plugins/mcufinder/images/
2025-03-23 00:18:51,996 [WARN] DbFile:41 - Overriding database path with different value: C:\Users\ALEYNA\.stmcufinder\plugins\mcufinder/ => C:\Users\ALEYNA\.stmcufinder\plugins\mcufinder
2025-03-23 00:18:51,996 [INFO] ApiDb:250 - Set database path to: C:\Users\ALEYNA\.stmcufinder\plugins\mcufinder//mcu/
2025-03-23 00:18:51,997 [WARN] DbFile:41 - Overriding database path with different value: C:\Users\ALEYNA\.stmcufinder\plugins\mcufinder/ => C:\Users\ALEYNA\.stmcufinder\plugins\mcufinder
2025-03-23 00:18:51,997 [INFO] DbMcusAds:125 - Set database path to: C:\Users\ALEYNA\.stmcufinder\plugins\mcufinder//mcu/
2025-03-23 00:18:51,997 [WARN] DbFile:41 - Overriding database path with different value: C:\Users\ALEYNA\.stmcufinder\plugins\mcufinder/ => C:\Users\ALEYNA\.stmcufinder\plugins\mcufinder
2025-03-23 00:18:51,997 [WARN] DbFile:41 - Overriding database path with different value: C:\Users\ALEYNA\.stmcufinder\plugins\mcufinder/ => C:\Users\ALEYNA\.stmcufinder\plugins\mcufinder
2025-03-23 00:18:51,997 [INFO] CrossReferenceDbSqlite:203 - Set database path to: C:\Users\ALEYNA\.stmcufinder\plugins\mcufinder//mcu/cs/
2025-03-23 00:18:52,039 [INFO] MainPanel:272 - HeapMemory: 268435456
2025-03-23 00:18:52,099 [INFO] DbMcusXml:78 - Set database path to: C:\ST\STM32CubeIDE_1.17.0\STM32CubeIDE\plugins\com.st.stm32cube.common.mx_6.13.0.202411220809\\db\/mcu/
2025-03-23 00:18:52,099 [INFO] ApiDb:274 - Set plugin database path to: C:\ST\STM32CubeIDE_1.17.0\STM32CubeIDE\plugins\com.st.stm32cube.common.mx_6.13.0.202411220809\\db\/plugins/boardmanager/
2025-03-23 00:18:52,099 [INFO] ApiDb:261 - Set plugin images path to: C:\ST\STM32CubeIDE_1.17.0\STM32CubeIDE\plugins\com.st.stm32cube.common.mx_6.13.0.202411220809\\db\/plugins/mcufinder/images/
2025-03-23 00:18:52,099 [WARN] DbFile:41 - Overriding database path with different value: C:\Users\ALEYNA\.stmcufinder\plugins\mcufinder/ => C:\Users\ALEYNA\.stmcufinder\plugins\mcufinder
2025-03-23 00:18:52,099 [INFO] ApiDb:250 - Set database path to: C:\Users\ALEYNA\.stmcufinder\plugins\mcufinder//mcu/
2025-03-23 00:18:52,099 [WARN] DbFile:41 - Overriding database path with different value: C:\Users\ALEYNA\.stmcufinder\plugins\mcufinder/ => C:\Users\ALEYNA\.stmcufinder\plugins\mcufinder
2025-03-23 00:18:52,099 [INFO] DbMcusAds:125 - Set database path to: C:\Users\ALEYNA\.stmcufinder\plugins\mcufinder//mcu/
2025-03-23 00:18:52,100 [WARN] DbFile:41 - Overriding database path with different value: C:\Users\ALEYNA\.stmcufinder\plugins\mcufinder/ => C:\Users\ALEYNA\.stmcufinder\plugins\mcufinder
2025-03-23 00:18:52,100 [WARN] DbFile:41 - Overriding database path with different value: C:\Users\ALEYNA\.stmcufinder\plugins\mcufinder/ => C:\Users\ALEYNA\.stmcufinder\plugins\mcufinder
2025-03-23 00:18:52,100 [INFO] CrossReferenceDbSqlite:203 - Set database path to: C:\Users\ALEYNA\.stmcufinder\plugins\mcufinder//mcu/cs/
2025-03-23 00:18:52,112 [INFO] ApplicationProperties:184 - Using Application install path: C:\ST\STM32CubeIDE_1.17.0\STM32CubeIDE\plugins\com.st.stm32cube.common.mx_6.13.0.202411220809
2025-03-23 00:18:52,113 [INFO] PluginManage:196 - Search for loadable plugins [exclusion list=, ]
2025-03-23 00:18:52,114 [INFO] PluginManage:310 - Check plugin analytics
2025-03-23 00:18:52,232 [INFO] AnalyticsPlugin:253 - Accepted Software Licenses: STM32CubeMX.6.13.0
2025-03-23 00:18:52,232 [INFO] AnalyticsPlugin:255 - Accepted CMSIS Pack Licenses: STMicroelectronics.X-CUBE-MEMS1.8.3.0,STMicroelectronics.X-CUBE-MEMS1.8.2.0
2025-03-23 00:18:52,232 [INFO] AnalyticsPlugin:257 - Accepted Firmware Licenses: FW.WL.1.3.0,FW.WL.1.1.0,FW.WL.1.2.0,FW.F4.1.28.0
2025-03-23 00:18:52,235 [INFO] PluginManage:359 - Loaded plugin analytics (category:tool,tabindex:-1)
2025-03-23 00:18:52,235 [INFO] PluginManage:310 - Check plugin cadmodel
2025-03-23 00:18:52,239 [INFO] CADModel:105 - Init CAD model plugin
2025-03-23 00:18:52,239 [INFO] PluginManage:359 - Loaded plugin cadmodel (category:power,tabindex:5)
2025-03-23 00:18:52,240 [INFO] PluginManage:310 - Check plugin clock
2025-03-23 00:18:52,247 [INFO] PluginManage:359 - Loaded plugin clock (category:base,tabindex:2)
2025-03-23 00:18:52,247 [INFO] PluginManage:310 - Check plugin ddr
2025-03-23 00:18:52,249 [INFO] PluginManage:359 - Loaded plugin ddr (category:tool,tabindex:6)
2025-03-23 00:18:52,249 [INFO] PluginManage:310 - Check plugin filemanager
2025-03-23 00:18:52,357 [INFO] PluginManage:359 - Loaded plugin filemanager (category:base,tabindex:10)
2025-03-23 00:18:52,357 [INFO] PluginManage:310 - Check plugin ipmanager
2025-03-23 00:18:52,362 [INFO] PluginManage:359 - Loaded plugin ipmanager (category:base,tabindex:5)
2025-03-23 00:18:52,362 [INFO] PluginManage:310 - Check plugin lpbam
2025-03-23 00:18:52,368 [INFO] PluginManage:359 - Loaded plugin lpbam (category:base,tabindex:0)
2025-03-23 00:18:52,369 [INFO] PluginManage:310 - Check plugin memorymap
2025-03-23 00:18:52,376 [INFO] PluginManage:359 - Loaded plugin memorymap (category:base,tabindex:4)
2025-03-23 00:18:52,376 [INFO] PluginManage:310 - Check plugin pinoutandconfiguration
2025-03-23 00:18:52,381 [INFO] PluginManage:359 - Loaded plugin pinoutandconfiguration (category:base,tabindex:1)
2025-03-23 00:18:52,381 [INFO] PluginManage:310 - Check plugin pinoutconfig
2025-03-23 00:18:52,442 [WARN] SupportedApi:132 - Cannot load RTOS API schema: s4s-elt-must-match.1: The content of 'definitions' must match (annotation?, (simpleType | complexType)?, (unique | key | keyref)*)). A problem was found starting at: attribute.
2025-03-23 00:18:52,541 [INFO] PluginManage:359 - Loaded plugin pinoutconfig (category:base,tabindex:0)
2025-03-23 00:18:52,541 [INFO] PluginManage:310 - Check plugin power
2025-03-23 00:18:52,546 [INFO] PluginManage:359 - Loaded plugin power (category:power,tabindex:4)
2025-03-23 00:18:52,546 [INFO] PluginManage:310 - Check plugin projectmanager
2025-03-23 00:18:52,556 [INFO] PluginManage:359 - Loaded plugin projectmanager (category:projectmanager,tabindex:4)
2025-03-23 00:18:52,556 [INFO] PluginManage:310 - Check plugin rif
2025-03-23 00:18:52,560 [INFO] PluginManage:359 - Loaded plugin rif (category:base,tabindex:3)
2025-03-23 00:18:52,561 [INFO] PluginManage:310 - Check plugin thirdparty
2025-03-23 00:18:52,645 [INFO] PluginManage:359 - Loaded plugin thirdparty (category:base,tabindex:-1)
2025-03-23 00:18:52,645 [INFO] PluginManage:310 - Check plugin tools
2025-03-23 00:18:52,645 [WARN] IntegrityCheckThread:84 - waiting for thirdparty lock release [integrity check]
2025-03-23 00:18:52,645 [INFO] IntegrityCheckThread:86 - entering critical section [integrity check]
2025-03-23 00:18:52,645 [INFO] ThirdPartyUpdaterWithRetryManager:70 - Updater plugin not ready yet. [1/15]
2025-03-23 00:18:52,647 [INFO] PluginManage:359 - Loaded plugin tools (category:base,tabindex:7)
2025-03-23 00:18:52,647 [INFO] PluginManage:310 - Check plugin tutovideos
2025-03-23 00:18:52,755 [INFO] PluginManage:359 - Loaded plugin tutovideos (category:base,tabindex:-1)
2025-03-23 00:18:52,755 [INFO] PluginManage:310 - Check plugin updater
2025-03-23 00:18:52,770 [INFO] PluginManage:359 - Loaded plugin updater (category:base,tabindex:12)
2025-03-23 00:18:52,770 [INFO] PluginManage:310 - Check plugin userauth
2025-03-23 00:18:52,773 [INFO] UserAuth:118 - Init User Auth plugin
2025-03-23 00:18:52,773 [INFO] PluginManage:359 - Loaded plugin userauth (category:base,tabindex:14)
2025-03-23 00:18:52,774 [INFO] PluginManage:283 - PluginManage : Loaded plugins [18]
2025-03-23 00:18:52,906 [INFO] PinOutPanel:1589 - setPackage(No Configuration,No Configuration)
2025-03-23 00:18:52,959 [INFO] CADModel:165 - CPN selected for project level
2025-03-23 00:18:52,959 [INFO] CADModel:114 - Register for checkConnection events
2025-03-23 00:18:52,971 [INFO] IPUIPlugin:80 - create IPUIPlugin
2025-03-23 00:18:52,971 [INFO] PluginManager:220 - loadIPPluginJar : add adc
2025-03-23 00:18:52,973 [INFO] IPUIPlugin:80 - create IPUIPlugin
2025-03-23 00:18:52,973 [INFO] PluginManager:220 - loadIPPluginJar : add aes
2025-03-23 00:18:52,975 [INFO] IPUIPlugin:80 - create IPUIPlugin
2025-03-23 00:18:52,975 [INFO] PluginManager:220 - loadIPPluginJar : add can
2025-03-23 00:18:52,977 [INFO] IPUIPlugin:80 - create IPUIPlugin
2025-03-23 00:18:52,977 [INFO] PluginManager:220 - loadIPPluginJar : add comp
2025-03-23 00:18:52,978 [INFO] IPUIPlugin:80 - create IPUIPlugin
2025-03-23 00:18:52,978 [INFO] PluginManager:220 - loadIPPluginJar : add cryp
2025-03-23 00:18:52,980 [INFO] IPUIPlugin:80 - create IPUIPlugin
2025-03-23 00:18:52,980 [INFO] PluginManager:220 - loadIPPluginJar : add ddr_ctrl_phy
2025-03-23 00:18:52,981 [INFO] IPUIPlugin:80 - create IPUIPlugin
2025-03-23 00:18:52,981 [INFO] PluginManager:220 - loadIPPluginJar : add dfsdm
2025-03-23 00:18:52,986 [INFO] IPUIPlugin:80 - create IPUIPlugin
2025-03-23 00:18:52,986 [INFO] PluginManager:220 - loadIPPluginJar : add dma
2025-03-23 00:18:52,987 [INFO] IPUIPlugin:80 - create IPUIPlugin
2025-03-23 00:18:52,987 [INFO] PluginManager:220 - loadIPPluginJar : add dma3
2025-03-23 00:18:52,989 [INFO] IPUIPlugin:80 - create IPUIPlugin
2025-03-23 00:18:52,989 [INFO] PluginManager:220 - loadIPPluginJar : add extmemmanager
2025-03-23 00:18:52,990 [INFO] IPUIPlugin:80 - create IPUIPlugin
2025-03-23 00:18:52,990 [INFO] PluginManager:220 - loadIPPluginJar : add fatfs
2025-03-23 00:18:52,993 [INFO] IPUIPlugin:80 - create IPUIPlugin
2025-03-23 00:18:52,993 [INFO] PluginManager:220 - loadIPPluginJar : add fmc
2025-03-23 00:18:52,996 [INFO] IPUIPlugin:80 - create IPUIPlugin
2025-03-23 00:18:52,996 [INFO] PluginManager:220 - loadIPPluginJar : add freertos
2025-03-23 00:18:52,997 [INFO] IPUIPlugin:80 - create IPUIPlugin
2025-03-23 00:18:52,997 [INFO] PluginManager:220 - loadIPPluginJar : add genericplugin
2025-03-23 00:18:52,998 [INFO] IPUIPlugin:80 - create IPUIPlugin
2025-03-23 00:18:52,999 [INFO] PluginManager:220 - loadIPPluginJar : add gfxmmu
2025-03-23 00:18:53,002 [INFO] IPUIPlugin:80 - create IPUIPlugin
2025-03-23 00:18:53,002 [INFO] PluginManager:220 - loadIPPluginJar : add gic
2025-03-23 00:18:53,004 [INFO] IPUIPlugin:80 - create IPUIPlugin
2025-03-23 00:18:53,004 [INFO] PluginManager:220 - loadIPPluginJar : add gpio
2025-03-23 00:18:53,007 [INFO] IPUIPlugin:80 - create IPUIPlugin
2025-03-23 00:18:53,007 [INFO] PluginManager:220 - loadIPPluginJar : add gtzc
2025-03-23 00:18:53,008 [INFO] IPUIPlugin:80 - create IPUIPlugin
2025-03-23 00:18:53,008 [INFO] PluginManager:220 - loadIPPluginJar : add hash
2025-03-23 00:18:53,010 [INFO] IPUIPlugin:80 - create IPUIPlugin
2025-03-23 00:18:53,010 [INFO] PluginManager:220 - loadIPPluginJar : add i2c
2025-03-23 00:18:53,011 [INFO] IPUIPlugin:80 - create IPUIPlugin
2025-03-23 00:18:53,011 [INFO] PluginManager:220 - loadIPPluginJar : add i2s
2025-03-23 00:18:53,013 [INFO] IPUIPlugin:80 - create IPUIPlugin
2025-03-23 00:18:53,013 [INFO] PluginManager:220 - loadIPPluginJar : add i3c
2025-03-23 00:18:53,015 [INFO] IPUIPlugin:80 - create IPUIPlugin
2025-03-23 00:18:53,015 [INFO] PluginManager:220 - loadIPPluginJar : add ipddr
2025-03-23 00:18:53,020 [INFO] IPUIPlugin:80 - create IPUIPlugin
2025-03-23 00:18:53,020 [INFO] PluginManager:220 - loadIPPluginJar : add linkedlist
2025-03-23 00:18:53,023 [INFO] IPUIPlugin:80 - create IPUIPlugin
2025-03-23 00:18:53,023 [INFO] PluginManager:220 - loadIPPluginJar : add lorawan
2025-03-23 00:18:53,024 [INFO] IPUIPlugin:80 - create IPUIPlugin
2025-03-23 00:18:53,024 [INFO] PluginManager:220 - loadIPPluginJar : add ltdc
2025-03-23 00:18:53,027 [INFO] IPUIPlugin:80 - create IPUIPlugin
2025-03-23 00:18:53,027 [INFO] PluginManager:220 - loadIPPluginJar : add mdma
2025-03-23 00:18:53,029 [INFO] IPUIPlugin:80 - create IPUIPlugin
2025-03-23 00:18:53,029 [INFO] PluginManager:220 - loadIPPluginJar : add nvic
2025-03-23 00:18:53,031 [INFO] IPUIPlugin:80 - create IPUIPlugin
2025-03-23 00:18:53,031 [INFO] PluginManager:220 - loadIPPluginJar : add opamp
2025-03-23 00:18:53,033 [INFO] IPUIPlugin:80 - create IPUIPlugin
2025-03-23 00:18:53,033 [INFO] PluginManager:220 - loadIPPluginJar : add openamp
2025-03-23 00:18:53,035 [INFO] IPUIPlugin:80 - create IPUIPlugin
2025-03-23 00:18:53,035 [INFO] PluginManager:220 - loadIPPluginJar : add pdm2pcm
2025-03-23 00:18:53,039 [INFO] IPUIPlugin:80 - create IPUIPlugin
2025-03-23 00:18:53,040 [INFO] PluginManager:220 - loadIPPluginJar : add plateformsettings
2025-03-23 00:18:53,041 [INFO] IPUIPlugin:80 - create IPUIPlugin
2025-03-23 00:18:53,041 [INFO] PluginManager:220 - loadIPPluginJar : add quadspi
2025-03-23 00:18:53,043 [INFO] IPUIPlugin:80 - create IPUIPlugin
2025-03-23 00:18:53,043 [INFO] PluginManager:220 - loadIPPluginJar : add radio
2025-03-23 00:18:53,045 [INFO] IPUIPlugin:80 - create IPUIPlugin
2025-03-23 00:18:53,045 [INFO] PluginManager:220 - loadIPPluginJar : add resmgrutility
2025-03-23 00:18:53,047 [INFO] IPUIPlugin:80 - create IPUIPlugin
2025-03-23 00:18:53,047 [INFO] PluginManager:220 - loadIPPluginJar : add sai
2025-03-23 00:18:53,048 [INFO] IPUIPlugin:80 - create IPUIPlugin
2025-03-23 00:18:53,048 [INFO] PluginManager:220 - loadIPPluginJar : add spi
2025-03-23 00:18:53,051 [INFO] IPUIPlugin:80 - create IPUIPlugin
2025-03-23 00:18:53,052 [INFO] PluginManager:220 - loadIPPluginJar : add stm32_wpan
2025-03-23 00:18:53,053 [INFO] IPUIPlugin:80 - create IPUIPlugin
2025-03-23 00:18:53,053 [INFO] PluginManager:220 - loadIPPluginJar : add tim
2025-03-23 00:18:53,055 [INFO] IPUIPlugin:80 - create IPUIPlugin
2025-03-23 00:18:53,055 [INFO] PluginManager:220 - loadIPPluginJar : add touchsensing
2025-03-23 00:18:53,056 [INFO] IPUIPlugin:80 - create IPUIPlugin
2025-03-23 00:18:53,056 [INFO] PluginManager:220 - loadIPPluginJar : add tracer_emb
2025-03-23 00:18:53,057 [INFO] IPUIPlugin:80 - create IPUIPlugin
2025-03-23 00:18:53,057 [INFO] PluginManager:220 - loadIPPluginJar : add ts
2025-03-23 00:18:53,058 [INFO] IPUIPlugin:80 - create IPUIPlugin
2025-03-23 00:18:53,058 [INFO] PluginManager:220 - loadIPPluginJar : add tsc
2025-03-23 00:18:53,059 [INFO] IPUIPlugin:80 - create IPUIPlugin
2025-03-23 00:18:53,059 [INFO] PluginManager:220 - loadIPPluginJar : add ucpd
2025-03-23 00:18:53,061 [INFO] IPUIPlugin:80 - create IPUIPlugin
2025-03-23 00:18:53,061 [INFO] PluginManager:220 - loadIPPluginJar : add usart
2025-03-23 00:18:53,063 [INFO] IPUIPlugin:80 - create IPUIPlugin
2025-03-23 00:18:53,063 [INFO] PluginManager:220 - loadIPPluginJar : add usbx
2025-03-23 00:18:53,166 [FATAL] Updater:351 - Updater called before beeing initialized
2025-03-23 00:18:53,185 [INFO] RulesReader:64 - Compatibility file has been processed (297 Rules)
2025-03-23 00:18:53,192 [INFO] RulesReader:64 - Compatibility file has been processed (297 Rules)
2025-03-23 00:18:53,198 [INFO] CADModel:165 - CPN selected for project level
2025-03-23 00:18:53,198 [INFO] CADModel:114 - Register for checkConnection events
2025-03-23 00:18:53,198 [FATAL] Updater:351 - Updater called before beeing initialized
2025-03-23 00:18:53,198 [ERROR] CADModel:125 - Updater not yet initialized, retry later 
2025-03-23 00:18:53,290 [FATAL] Updater:351 - Updater called before beeing initialized
2025-03-23 00:18:53,291 [INFO] CADModel:165 - CPN selected for project level
2025-03-23 00:18:53,291 [INFO] CADModel:114 - Register for checkConnection events
2025-03-23 00:18:53,291 [FATAL] Updater:351 - Updater called before beeing initialized
2025-03-23 00:18:53,291 [ERROR] CADModel:125 - Updater not yet initialized, retry later 
2025-03-23 00:18:53,294 [FATAL] Updater:351 - Updater called before beeing initialized
2025-03-23 00:18:53,359 [FATAL] Updater:351 - Updater called before beeing initialized
2025-03-23 00:18:53,362 [INFO] DbMcusAds:53 - JSON generation date=Thu Mar 06 17:54:21 TRT 2025 (1741272861825)
2025-03-23 00:18:53,362 [FATAL] Updater:351 - Updater called before beeing initialized
2025-03-23 00:18:53,385 [WARN] DetailPanel:346 - Failed to get advertising image, set to default
2025-03-23 00:18:53,583 [FATAL] Updater:351 - Updater called before beeing initialized
2025-03-23 00:18:53,584 [FATAL] Updater:351 - Updater called before beeing initialized
2025-03-23 00:18:53,585 [FATAL] Updater:351 - Updater called before beeing initialized
2025-03-23 00:18:53,585 [WARN] DetailPanel:346 - Failed to get advertising image, set to default
2025-03-23 00:18:53,586 [FATAL] Updater:351 - Updater called before beeing initialized
2025-03-23 00:18:53,614 [ERROR] Updater:1198 - MainUpdater not yet initialized. External WinMGr cannot be set.
2025-03-23 00:18:53,616 [INFO] Updater:1134 - Updater Version found : 6.13.0
2025-03-23 00:18:53,626 [INFO] ApplicationProperties:184 - Using Application install path: C:\ST\STM32CubeIDE_1.17.0\STM32CubeIDE\plugins\com.st.stm32cube.common.mx_6.13.0.202411220809
2025-03-23 00:18:53,847 [INFO] MainUpdater:2872 - connection check result : 10
2025-03-23 00:18:53,848 [INFO] MainUpdater:289 - Updater Check For Update Now.
2025-03-23 00:18:53,848 [INFO] MicroXplorer:498 - Change Database Version : DB.6.0.130
2025-03-23 00:18:53,852 [INFO] McuFinderGlobals:63 - Set McuFinder mode to 2 (CubeIDE integrated)
2025-03-23 00:18:53,852 [INFO] UserAuth:486 - Internet connection configuration mode: 1
2025-03-23 00:18:53,869 [INFO] JxBrowserEngine:152 - Initiate JxBrowser Engine with user profile folder
2025-03-23 00:18:54,004 [INFO] CheckServerUpdateThread:120 - End of CheckServer Thread
2025-03-23 00:18:54,271 [INFO] WebApp:168 - Instantiating new browser for Auth
2025-03-23 00:18:54,671 [INFO] WebApp:449 - Apply proxy settings
2025-03-23 00:18:54,671 [INFO] WebApp:534 - Chromium requires no authentication
2025-03-23 00:18:54,676 [INFO] WebApp:477 - Direct internet connection detected
2025-03-23 00:18:54,689 [INFO] WebApp:880 - Register for checkConnection events
2025-03-23 00:18:54,689 [INFO] WebApp:449 - Apply proxy settings
2025-03-23 00:18:54,689 [INFO] WebApp:534 - Chromium requires no authentication
2025-03-23 00:18:54,689 [INFO] WebApp:477 - Direct internet connection detected
2025-03-23 00:18:54,786 [INFO] WebApp:221 - Starting web application
2025-03-23 00:18:54,786 [INFO] WebApp:579 - Web application path used C:\ST\STM32CubeIDE_1.17.0\STM32CubeIDE\plugins\com.st.stm32cube.common.mx_6.13.0.202411220809\db\plugins\mcufinder\reactClient1\index.html
2025-03-23 00:18:54,839 [INFO] UserAuth:486 - Internet connection configuration mode: 1
2025-03-23 00:18:55,424 [INFO] WebApp:187 - Connection restablished
2025-03-23 00:18:55,768 [WARN] PackLoader:240 - Cannot read IP mode file for STMicroelectronics.FP-SNS-MOTENVWB1.1.4.0
2025-03-23 00:18:55,781 [WARN] PackLoader:240 - Cannot read IP mode file for STMicroelectronics.FP-ATR-ASTRA1.2.0.2
2025-03-23 00:18:55,785 [WARN] PackLoader:240 - Cannot read IP mode file for STMicroelectronics.FP-ATR-ASTRA1.2.0.1
2025-03-23 00:18:55,791 [WARN] PackLoader:240 - Cannot read IP mode file for STMicroelectronics.X-CUBE-SMBUS.2.1.0
2025-03-23 00:18:55,798 [WARN] PackLoader:240 - Cannot read IP mode file for STMicroelectronics.X-CUBE-WB05N.1.1.0
2025-03-23 00:18:55,819 [WARN] PackLoader:240 - Cannot read IP mode file for STMicroelectronics.X-CUBE-AZRTOS-F7.1.1.0
2025-03-23 00:18:55,826 [WARN] PackLoader:240 - Cannot read IP mode file for STMicroelectronics.FP-SNS-FLIGHT1.5.0.2
2025-03-23 00:18:55,843 [WARN] PackLoader:240 - Cannot read IP mode file for Infineon.AIROC-Wi-Fi-Bluetooth-STM32.1.7.0
2025-03-23 00:18:55,854 [WARN] PackLoader:240 - Cannot read IP mode file for STMicroelectronics.X-CUBE-DISPLAY.3.0.0
2025-03-23 00:18:55,861 [WARN] PackLoader:240 - Cannot read IP mode file for STMicroelectronics.X-CUBE-BLE1.7.0.0
2025-03-23 00:18:55,865 [WARN] PackLoader:240 - Cannot read IP mode file for STMicroelectronics.X-CUBE-NFC10.1.0.0
2025-03-23 00:18:55,872 [WARN] PackLoader:240 - Cannot read IP mode file for STMicroelectronics.X-CUBE-BLEMGR.4.0.0
2025-03-23 00:18:55,879 [WARN] PackLoader:240 - Cannot read IP mode file for emotas.I-CUBE-CANOPEN.1.3.0
2025-03-23 00:18:55,883 [WARN] PackLoader:240 - Cannot read IP mode file for STMicroelectronics.X-CUBE-AI.10.0.0
2025-03-23 00:18:55,887 [WARN] PackLoader:240 - Cannot read IP mode file for STMicroelectronics.FP-SNS-SMARTAG2.1.2.0
2025-03-23 00:18:55,889 [WARN] PackLoader:240 - Cannot read IP mode file for STMicroelectronics.FP-SNS-FLIGHT1.5.1.0
2025-03-23 00:18:55,924 [WARN] PackLoader:240 - Cannot read IP mode file for STMicroelectronics.X-CUBE-MEMS1.11.1.0
2025-03-23 00:18:56,217 [INFO] LogOutputStream:77 - [STDOUT_REDIRECT] 1 : Invalid condition id : UX_CORESTACK_Condition cause : null
2025-03-23 00:18:56,218 [INFO] LogOutputStream:77 - [STDOUT_REDIRECT] 1 : Invalid condition id : UX_CORESTACK_Condition cause : null
2025-03-23 00:18:56,219 [INFO] LogOutputStream:77 - [STDOUT_REDIRECT] 1 : Invalid condition id : UX_CORESTACK_Condition cause : null
2025-03-23 00:18:56,220 [INFO] LogOutputStream:77 - [STDOUT_REDIRECT] 1 : Invalid condition id : UX_CORESTACK_Condition cause : null
2025-03-23 00:18:56,221 [INFO] LogOutputStream:77 - [STDOUT_REDIRECT] 1 : Invalid condition id : UX_CORESTACK_Condition cause : null
2025-03-23 00:18:56,223 [WARN] PackLoader:240 - Cannot read IP mode file for STMicroelectronics.X-CUBE-AZRTOS-WL.2.0.0
2025-03-23 00:18:56,226 [WARN] PackLoader:240 - Cannot read IP mode file for STMicroelectronics.FP-SNS-MOTENV1.5.0.0
2025-03-23 00:18:56,229 [WARN] PackLoader:240 - Cannot read IP mode file for wolfSSL.I-CUBE-wolfMQTT.1.19.0
2025-03-23 00:18:56,235 [WARN] PackLoader:240 - Cannot read IP mode file for WES.I-CUBE-Cesium.1.3.0
2025-03-23 00:18:56,237 [WARN] PackLoader:240 - Cannot read IP mode file for STMicroelectronics.X-CUBE-BLE2.3.3.0
2025-03-23 00:18:56,240 [WARN] PackLoader:240 - Cannot read IP mode file for STMicroelectronics.X-CUBE-NFC9.1.0.0
2025-03-23 00:18:56,243 [WARN] PackLoader:240 - Cannot read IP mode file for STMicroelectronics.X-CUBE-BLE1.7.1.0
2025-03-23 00:18:56,245 [WARN] PackLoader:240 - Cannot read IP mode file for wolfSSL.I-CUBE-wolfMQTT.1.19.2
2025-03-23 00:18:56,257 [WARN] PackLoader:240 - Cannot read IP mode file for STMicroelectronics.X-CUBE-AZRTOS-G0.1.1.0
2025-03-23 00:18:56,264 [WARN] PackLoader:240 - Cannot read IP mode file for STMicroelectronics.X-CUBE-SAFEA1.1.2.2
2025-03-23 00:18:56,268 [WARN] PackLoader:240 - Cannot read IP mode file for STMicroelectronics.X-CUBE-NFC4.3.0.0
2025-03-23 00:18:56,273 [WARN] PackLoader:240 - Cannot read IP mode file for EmbeddedOffice.I-CUBE-FS-RTOS.1.0.1
2025-03-23 00:18:56,277 [WARN] PackLoader:240 - Cannot read IP mode file for wolfSSL.I-CUBE-wolfTPM.3.8.0
2025-03-23 00:18:56,282 [WARN] PackLoader:240 - Cannot read IP mode file for STMicroelectronics.X-CUBE-TCPP.4.2.0
2025-03-23 00:18:56,288 [WARN] PackLoader:240 - Cannot read IP mode file for RealThread.X-CUBE-RT-Thread_Nano.4.1.1
2025-03-23 00:18:56,294 [WARN] PackLoader:240 - Cannot read IP mode file for STMicroelectronics.FP-ATR-SIGFOX1.3.2.0
2025-03-23 00:18:56,297 [WARN] ConditionMgr:438 - getConditionDescription Invalid condition id : Cortex-A Device cause : null
2025-03-23 00:18:56,325 [WARN] ConditionMgr:1044 - genDependencies : Invalid condition id : Cortex-A Device cause : null
2025-03-23 00:18:56,326 [WARN] ConditionMgr:1044 - genDependencies : Invalid condition id : Cortex-A Device cause : null
2025-03-23 00:18:56,326 [WARN] ConditionMgr:1044 - genDependencies : Invalid condition id : Cortex-A Device cause : null
2025-03-23 00:18:56,335 [WARN] PackLoader:240 - Cannot read IP mode file for STMicroelectronics.X-CUBE-EEPRMA1.5.1.0
2025-03-23 00:18:56,342 [WARN] PackLoader:240 - Cannot read IP mode file for wolfSSL.I-CUBE-wolfSSL.5.7.4
2025-03-23 00:18:56,346 [WARN] PackLoader:240 - Cannot read IP mode file for wolfSSL.I-CUBE-wolfSSL.5.7.6
2025-03-23 00:18:56,352 [WARN] PackLoader:240 - Cannot read IP mode file for ITTIA_DB.I-CUBE-ITTIADB.8.9.0
2025-03-23 00:18:56,376 [WARN] PackLoader:240 - Cannot read IP mode file for SEGGER.I-CUBE-embOS.1.3.1
2025-03-23 00:18:56,403 [WARN] PackLoader:240 - Cannot read IP mode file for STMicroelectronics.X-CUBE-ALGOBUILD.1.4.0
2025-03-23 00:18:56,407 [WARN] PackLoader:240 - Cannot read IP mode file for STMicroelectronics.X-CUBE-AI.9.1.0
2025-03-23 00:18:56,419 [WARN] PackLoader:240 - Cannot read IP mode file for STMicroelectronics.X-CUBE-AZRTOS-F4.1.1.0
2025-03-23 00:18:56,424 [WARN] PackLoader:240 - Cannot read IP mode file for STMicroelectronics.X-CUBE-ISPU.2.1.0
2025-03-23 00:18:56,438 [WARN] PackLoader:240 - Cannot read IP mode file for STMicroelectronics.X-CUBE-AZRTOS-L5.2.0.0
2025-03-23 00:18:56,447 [WARN] PackLoader:240 - Cannot read IP mode file for STMicroelectronics.X-CUBE-NFC6.3.1.0
2025-03-23 00:18:56,453 [WARN] PackLoader:240 - Cannot read IP mode file for STMicroelectronics.X-CUBE-DPower.1.2.0
2025-03-23 00:18:56,458 [WARN] PackLoader:240 - Cannot read IP mode file for STMicroelectronics.X-CUBE-FREERTOS.1.3.0
2025-03-23 00:18:56,465 [WARN] PackLoader:240 - Cannot read IP mode file for STMicroelectronics.X-CUBE-NFC7.1.0.1
2025-03-23 00:18:56,475 [WARN] ConditionMgr:438 - getConditionDescription Invalid condition id : LAN8742 Phy interface Condition cause : null
2025-03-23 00:18:56,475 [WARN] PackLoader:240 - Cannot read IP mode file for STMicroelectronics.X-CUBE-AZRTOS-L4.2.0.0
2025-03-23 00:18:56,476 [WARN] ConditionMgr:1044 - genDependencies : Invalid condition id : LAN8742 Phy interface Condition cause : null
2025-03-23 00:18:56,477 [WARN] ConditionMgr:1044 - genDependencies : Invalid condition id : LAN8742 Phy interface Condition cause : null
2025-03-23 00:18:56,477 [WARN] ConditionMgr:1044 - genDependencies : Invalid condition id : LAN8742 Phy interface Condition cause : null
2025-03-23 00:18:56,481 [WARN] PackLoader:240 - Cannot read IP mode file for STMicroelectronics.X-CUBE-SFXS2LP1.4.0.0
2025-03-23 00:18:56,493 [WARN] PackLoader:240 - Cannot read IP mode file for STMicroelectronics.X-CUBE-AZRTOS-H7.3.3.0
2025-03-23 00:18:56,501 [WARN] ConditionMgr:438 - getConditionDescription Invalid condition id : UX DEVICE CLASS RTOS Condition cause : null
2025-03-23 00:18:56,501 [WARN] ConditionMgr:438 - getConditionDescription Invalid condition id : UX DEVICE CLASS RTOS Condition cause : null
2025-03-23 00:18:56,502 [WARN] PackLoader:240 - Cannot read IP mode file for STMicroelectronics.X-CUBE-AZRTOS-WB.2.0.0
2025-03-23 00:18:56,502 [WARN] ConditionMgr:1044 - genDependencies : Invalid condition id : UX DEVICE CLASS RTOS Condition cause : null
2025-03-23 00:18:56,502 [WARN] ConditionMgr:1044 - genDependencies : Invalid condition id : UX DEVICE CLASS RTOS Condition cause : null
2025-03-23 00:18:56,503 [WARN] ConditionMgr:1044 - genDependencies : Invalid condition id : UX DEVICE CLASS RTOS Condition cause : null
2025-03-23 00:18:56,503 [WARN] ConditionMgr:1044 - genDependencies : Invalid condition id : UX DEVICE CLASS RTOS Condition cause : null
2025-03-23 00:18:56,503 [WARN] ConditionMgr:1044 - genDependencies : Invalid condition id : UX DEVICE CLASS RTOS Condition cause : null
2025-03-23 00:18:56,507 [WARN] PackLoader:240 - Cannot read IP mode file for STMicroelectronics.X-CUBE-GNSS1.7.0.1
2025-03-23 00:18:56,513 [WARN] PackLoader:240 - Cannot read IP mode file for STMicroelectronics.X-CUBE-TOUCHGFX.4.25.0
2025-03-23 00:18:56,517 [WARN] PackLoader:240 - Cannot read IP mode file for STMicroelectronics.FP-SNS-STBOX1.2.0.0
2025-03-23 00:18:56,544 [WARN] PackLoader:240 - Cannot read IP mode file for STMicroelectronics.X-CUBE-MEMS1.8.2.0
2025-03-23 00:18:56,689 [WARN] PackLoader:240 - Cannot read IP mode file for STMicroelectronics.X-CUBE-SUBG2.5.0.0
2025-03-23 00:18:56,708 [WARN] PackLoader:240 - Cannot read IP mode file for STMicroelectronics.X-CUBE-AZRTOS-H7RS.1.1.0
2025-03-23 00:18:56,715 [WARN] PackLoader:240 - Cannot read IP mode file for Cesanta.I-CUBE-Mongoose.7.13.0
2025-03-23 00:18:56,725 [WARN] PackLoader:240 - Cannot read IP mode file for STMicroelectronics.X-CUBE-AZRTOS-G4.2.0.0
2025-03-23 00:18:56,730 [WARN] PackLoader:240 - Cannot read IP mode file for wolfSSL.I-CUBE-wolfSSH.1.4.20
2025-03-23 00:18:56,736 [WARN] PackLoader:240 - Cannot read IP mode file for STMicroelectronics.X-CUBE-IPS.3.1.0
2025-03-23 00:18:56,744 [WARN] PackLoader:240 - Cannot read IP mode file for STMicroelectronics.X-CUBE-ALS.1.0.2
2025-03-23 00:18:56,746 [WARN] PackLoader:240 - Cannot read IP mode file for STMicroelectronics.X-CUBE-TOUCHGFX.4.24.2
2025-03-23 00:18:56,749 [WARN] PackLoader:240 - Cannot read IP mode file for wolfSSL.I-CUBE-wolfTPM.3.4.0
2025-03-23 00:18:56,754 [WARN] PackLoader:240 - Cannot read IP mode file for portGmbH.I-Cube-SoM-uGOAL.1.1.0
2025-03-23 00:18:56,774 [WARN] PackLoader:240 - Cannot read IP mode file for STMicroelectronics.X-CUBE-MEMS1.8.3.0
2025-03-23 00:18:56,916 [WARN] PackLoader:240 - Cannot read IP mode file for STMicroelectronics.X-CUBE-AZRTOS-H7RS.1.0.0
2025-03-23 00:18:56,927 [WARN] PackLoader:240 - Cannot read IP mode file for STMicroelectronics.X-CUBE-TOF1.3.4.2
2025-03-23 00:18:56,941 [WARN] PackLoader:240 - Cannot read IP mode file for wolfSSL.I-CUBE-wolfSSH.1.4.17
2025-03-23 00:18:56,942 [INFO] ThirdParty:978 - Integrity check success = true
2025-03-23 00:18:56,942 [INFO] IntegrityCheckThread:100 - exiting critical section [integrity check]
2025-03-23 00:18:56,942 [INFO] IntegrityCheckThread:103 - End integrity checks thread
2025-03-23 00:25:18,190 [ERROR] LogOutputStream:75 - [STDERR_REDIRECT] 
